<eResourceEntry  timestamp='1296819610064' resUri='platform:/resource/ovinger/jex/ov3.jex' key='resource selected' value='null'/>
<eResourceEntry  timestamp='1296819615568' resUri='platform:/resource/ovinger/jex/ov3.jex' key='resource selected' value='null'/>
<eObjectEntry  timestamp='1296820451276' resUri='platform:/resource/ovinger/jex/ov3.jex' fragmentId='//@javaElements.0/@classes.6' key='junit test launch' value='AllTests'/>
<eObjectEntry  timestamp='1296820457269' resUri='platform:/resource/ovinger/jex/ov3.jex' fragmentId='//@requirements.0/@requirements.0/@requirements.5' key='test run status' value='false'/>
<eObjectEntry  timestamp='1296820457271' resUri='platform:/resource/ovinger/jex/ov3.jex' fragmentId='//@requirements.0/@requirements.0/@requirements.7' key='test run status' value='false'/>
<eObjectEntry  timestamp='1296820457273' resUri='platform:/resource/ovinger/jex/ov3.jex' fragmentId='//@requirements.0/@requirements.0/@requirements.9' key='test run status' value='false'/>
<eObjectEntry  timestamp='1296820457327' resUri='platform:/resource/ovinger/jex/ov3.jex' fragmentId='//@requirements.2/@requirements.0/@requirements.3' key='test run status' value='false'/>
<eObjectEntry  timestamp='1296820457329' resUri='platform:/resource/ovinger/jex/ov3.jex' fragmentId='//@requirements.2/@requirements.1/@requirements.2' key='test run status' value='false'/>
<eObjectEntry  timestamp='1296820457331' resUri='platform:/resource/ovinger/jex/ov3.jex' fragmentId='//@requirements.2/@requirements.1/@requirements.4' key='test run status' value='false'/>
<eObjectEntry  timestamp='1296821716553' resUri='platform:/resource/ovinger/jex/ov3.jex' fragmentId='//@javaElements.0/@classes.6' key='junit test launch' value='AllTests'/>
<eObjectEntry  timestamp='1296821721405' resUri='platform:/resource/ovinger/jex/ov3.jex' fragmentId='//@requirements.0/@requirements.0/@requirements.5' key='test run status' value='false'/>
<eObjectEntry  timestamp='1296821721412' resUri='platform:/resource/ovinger/jex/ov3.jex' fragmentId='//@requirements.0/@requirements.0/@requirements.7' key='test run status' value='false'/>
<eObjectEntry  timestamp='1296821721415' resUri='platform:/resource/ovinger/jex/ov3.jex' fragmentId='//@requirements.0/@requirements.0/@requirements.9' key='test run status' value='false'/>
<eObjectEntry  timestamp='1296821721418' resUri='platform:/resource/ovinger/jex/ov3.jex' fragmentId='//@requirements.2/@requirements.0/@requirements.3' key='test run status' value='false'/>
<eObjectEntry  timestamp='1296821721421' resUri='platform:/resource/ovinger/jex/ov3.jex' fragmentId='//@requirements.2/@requirements.1/@requirements.2' key='test run status' value='false'/>
<eObjectEntry  timestamp='1296821721424' resUri='platform:/resource/ovinger/jex/ov3.jex' fragmentId='//@requirements.2/@requirements.1/@requirements.4' key='test run status' value='false'/>
<eObjectEntry  timestamp='1296821734669' resUri='platform:/resource/ovinger/jex/ov3.jex' fragmentId='//@requirements.0/@requirements.0/@requirements.5' key='junit test launch' value='testIsMotherOf'/>
<eObjectEntry  timestamp='1296821735809' resUri='platform:/resource/ovinger/jex/ov3.jex' fragmentId='//@requirements.0/@requirements.0/@requirements.5' key='test run status' value='false'/>
<eObjectEntry  timestamp='1296821740556' resUri='platform:/resource/ovinger/jex/ov3.jex' fragmentId='//@requirements.0/@requirements.0/@requirements.5' key='junit test launch' value='testIsMotherOf'/>
<eObjectEntry  timestamp='1296821742084' resUri='platform:/resource/ovinger/jex/ov3.jex' fragmentId='//@requirements.0/@requirements.0/@requirements.5' key='test run status' value='false'/>
<eObjectEntry  timestamp='1296822084572' resUri='platform:/resource/ovinger/jex/ov3.jex' fragmentId='//@javaElements.0/@classes.6' key='junit test launch' value='AllTests'/>
<eObjectEntry  timestamp='1296822087040' resUri='platform:/resource/ovinger/jex/ov3.jex' fragmentId='//@requirements.0/@requirements.0/@requirements.5' key='test run status' value='false'/>
<eObjectEntry  timestamp='1296822087046' resUri='platform:/resource/ovinger/jex/ov3.jex' fragmentId='//@requirements.0/@requirements.0/@requirements.7' key='test run status' value='false'/>
<eObjectEntry  timestamp='1296822087050' resUri='platform:/resource/ovinger/jex/ov3.jex' fragmentId='//@requirements.0/@requirements.0/@requirements.9' key='test run status' value='false'/>
<eObjectEntry  timestamp='1296822087058' resUri='platform:/resource/ovinger/jex/ov3.jex' fragmentId='//@requirements.2/@requirements.0/@requirements.3' key='test run status' value='false'/>
<eObjectEntry  timestamp='1296822087111' resUri='platform:/resource/ovinger/jex/ov3.jex' fragmentId='//@requirements.2/@requirements.1/@requirements.2' key='test run status' value='false'/>
<eObjectEntry  timestamp='1296822087114' resUri='platform:/resource/ovinger/jex/ov3.jex' fragmentId='//@requirements.2/@requirements.1/@requirements.4' key='test run status' value='false'/>
<eObjectEntry  timestamp='1296822090932' resUri='platform:/resource/ovinger/jex/ov3.jex' fragmentId='//@requirements.0/@requirements.0/@requirements.5' key='junit test launch' value='testIsMotherOf'/>
<eObjectEntry  timestamp='1296822092440' resUri='platform:/resource/ovinger/jex/ov3.jex' fragmentId='//@requirements.0/@requirements.0/@requirements.5' key='test run status' value='false'/>
<eObjectEntry  timestamp='1296822843159' resUri='platform:/resource/ovinger/jex/ov3.jex' fragmentId='//@requirements.0/@requirements.0/@requirements.5' key='junit test launch' value='testIsMotherOf'/>
<eObjectEntry  timestamp='1296822846542' resUri='platform:/resource/ovinger/jex/ov3.jex' fragmentId='//@requirements.0/@requirements.0/@requirements.5' key='test run status' value='false'/>
<eObjectEntry  timestamp='1296822856231' resUri='platform:/resource/ovinger/jex/ov3.jex' fragmentId='//@requirements.0/@requirements.0/@requirements.5' key='junit test launch' value='testIsMotherOf'/>
<eObjectEntry  timestamp='1296822858897' resUri='platform:/resource/ovinger/jex/ov3.jex' fragmentId='//@requirements.0/@requirements.0/@requirements.5' key='test run status' value='true'/>
<eObjectEntry  timestamp='1296823279592' resUri='platform:/resource/ovinger/jex/ov3.jex' fragmentId='//@requirements.0/@requirements.0/@requirements.7' key='junit test launch' value='testIsFatherOf'/>
<eObjectEntry  timestamp='1296823282336' resUri='platform:/resource/ovinger/jex/ov3.jex' fragmentId='//@requirements.0/@requirements.0/@requirements.7' key='test run status' value='true'/>
<eObjectEntry  timestamp='1296823649912' resUri='platform:/resource/ovinger/jex/ov3.jex' fragmentId='//@requirements.0/@requirements.0/@requirements.9' key='junit test launch' value='testIsSiblingOf'/>
<eObjectEntry  timestamp='1296823651026' resUri='platform:/resource/ovinger/jex/ov3.jex' fragmentId='//@requirements.0/@requirements.0/@requirements.9' key='test run status' value='false'/>
<eObjectEntry  timestamp='1296823748241' resUri='platform:/resource/ovinger/jex/ov3.jex' fragmentId='//@requirements.0/@requirements.0/@requirements.9' key='junit test launch' value='testIsSiblingOf'/>
<eObjectEntry  timestamp='1296823750587' resUri='platform:/resource/ovinger/jex/ov3.jex' fragmentId='//@requirements.0/@requirements.0/@requirements.9' key='test run status' value='false'/>
<eObjectEntry  timestamp='1296824096510' resUri='platform:/resource/ovinger/jex/ov3.jex' fragmentId='//@requirements.0/@requirements.0/@requirements.9' key='junit test launch' value='testIsSiblingOf'/>
<eObjectEntry  timestamp='1296824098922' resUri='platform:/resource/ovinger/jex/ov3.jex' fragmentId='//@requirements.0/@requirements.0/@requirements.9' key='test run status' value='true'/>
<eResourceEntry  timestamp='1296824185509' resUri='platform:/resource/ovinger/jex/ov3.jex' key='resource selected' value='null'/>
<eObjectEntry  timestamp='1296828912391' resUri='platform:/resource/ovinger/jex/ov3.jex' fragmentId='//@javaElements.0/@classes.6' key='junit test launch' value='AllTests'/>
<eObjectEntry  timestamp='1296828914542' resUri='platform:/resource/ovinger/jex/ov3.jex' fragmentId='//@requirements.0/@requirements.0/@requirements.5' key='test run status' value='true'/>
<eObjectEntry  timestamp='1296828914562' resUri='platform:/resource/ovinger/jex/ov3.jex' fragmentId='//@requirements.0/@requirements.0/@requirements.7' key='test run status' value='true'/>
<eObjectEntry  timestamp='1296828914600' resUri='platform:/resource/ovinger/jex/ov3.jex' fragmentId='//@requirements.0/@requirements.0/@requirements.9' key='test run status' value='true'/>
<eObjectEntry  timestamp='1296828914609' resUri='platform:/resource/ovinger/jex/ov3.jex' fragmentId='//@requirements.2/@requirements.0/@requirements.3' key='test run status' value='false'/>
<eObjectEntry  timestamp='1296828914613' resUri='platform:/resource/ovinger/jex/ov3.jex' fragmentId='//@requirements.2/@requirements.1/@requirements.2' key='test run status' value='false'/>
<eObjectEntry  timestamp='1296828914618' resUri='platform:/resource/ovinger/jex/ov3.jex' fragmentId='//@requirements.2/@requirements.1/@requirements.4' key='test run status' value='false'/>
<eResourceEntry  timestamp='1297084624176' resUri='platform:/resource/ovinger/jex/ov3.jex' key='resource selected' value='null'/>
<eObjectEntry  timestamp='1297084927823' resUri='platform:/resource/ovinger/jex/ov3.jex' fragmentId='//@requirements.2/@requirements.0/@requirements.3' key='junit test launch' value='testToString'/>
<eObjectEntry  timestamp='1297084932608' resUri='platform:/resource/ovinger/jex/ov3.jex' fragmentId='//@requirements.2/@requirements.0/@requirements.3' key='test run status' value='true'/>
<eObjectEntry  timestamp='1297086017860' resUri='platform:/resource/ovinger/jex/ov3.jex' fragmentId='//@requirements.2/@requirements.1/@requirements.2' key='junit test launch' value='testInit'/>
<eObjectEntry  timestamp='1297086024953' resUri='platform:/resource/ovinger/jex/ov3.jex' fragmentId='//@requirements.2/@requirements.1/@requirements.2' key='test run status' value='false'/>
<eObjectEntry  timestamp='1297086107115' resUri='platform:/resource/ovinger/jex/ov3.jex' fragmentId='//@requirements.2/@requirements.1/@requirements.2' key='junit test launch' value='testInit'/>
<eObjectEntry  timestamp='1297086109800' resUri='platform:/resource/ovinger/jex/ov3.jex' fragmentId='//@requirements.2/@requirements.1/@requirements.2' key='test run status' value='false'/>
<eObjectEntry  timestamp='1297086148105' resUri='platform:/resource/ovinger/jex/ov3.jex' fragmentId='//@requirements.2/@requirements.1/@requirements.2' key='junit test launch' value='testInit'/>
<eObjectEntry  timestamp='1297086151237' resUri='platform:/resource/ovinger/jex/ov3.jex' fragmentId='//@requirements.2/@requirements.1/@requirements.2' key='test run status' value='true'/>
<eObjectEntry  timestamp='1297086156422' resUri='platform:/resource/ovinger/jex/ov3.jex' fragmentId='//@requirements.2/@requirements.1/@requirements.4' key='junit test launch' value='testGetCard'/>
<eObjectEntry  timestamp='1297086158905' resUri='platform:/resource/ovinger/jex/ov3.jex' fragmentId='//@requirements.2/@requirements.1/@requirements.4' key='test run status' value='true'/>
<eObjectEntry  timestamp='1297280516067' resUri='platform:/resource/ovinger/jex/ov3.jex' fragmentId='//@requirements.0/@requirements.0/@requirements.5' key='junit test launch' value='testIsMotherOf'/>
<eObjectEntry  timestamp='1297280519880' resUri='platform:/resource/ovinger/jex/ov3.jex' fragmentId='//@requirements.0/@requirements.0/@requirements.5' key='test run status' value='true'/>
<eObjectEntry  timestamp='1297280521127' resUri='platform:/resource/ovinger/jex/ov3.jex' fragmentId='//@javaElements.0/@classes.6' key='junit test launch' value='AllTests'/>
<eObjectEntry  timestamp='1297280527242' resUri='platform:/resource/ovinger/jex/ov3.jex' fragmentId='//@requirements.0/@requirements.0/@requirements.5' key='test run status' value='true'/>
<eObjectEntry  timestamp='1297280527247' resUri='platform:/resource/ovinger/jex/ov3.jex' fragmentId='//@requirements.0/@requirements.0/@requirements.7' key='test run status' value='true'/>
<eObjectEntry  timestamp='1297280527262' resUri='platform:/resource/ovinger/jex/ov3.jex' fragmentId='//@requirements.0/@requirements.0/@requirements.9' key='test run status' value='true'/>
<eObjectEntry  timestamp='1297280527318' resUri='platform:/resource/ovinger/jex/ov3.jex' fragmentId='//@requirements.2/@requirements.0/@requirements.3' key='test run status' value='true'/>
<eObjectEntry  timestamp='1297280527330' resUri='platform:/resource/ovinger/jex/ov3.jex' fragmentId='//@requirements.2/@requirements.1/@requirements.2' key='test run status' value='true'/>
<eObjectEntry  timestamp='1297280527334' resUri='platform:/resource/ovinger/jex/ov3.jex' fragmentId='//@requirements.2/@requirements.1/@requirements.4' key='test run status' value='true'/>
<eResourceEntry  timestamp='1297371974464' resUri='platform:/resource/ovinger/jex/ov3.jex' key='resource selected' value='null'/>
<eObjectEntry  timestamp='1297371975866' resUri='platform:/resource/ovinger/jex/ov3.jex' fragmentId='//@javaElements.0/@classes.6' key='junit test launch' value='AllTests'/>
<eObjectEntry  timestamp='1297371981490' resUri='platform:/resource/ovinger/jex/ov3.jex' fragmentId='//@requirements.0/@requirements.0/@requirements.5' key='test run status' value='true'/>
<eObjectEntry  timestamp='1297371981506' resUri='platform:/resource/ovinger/jex/ov3.jex' fragmentId='//@requirements.0/@requirements.0/@requirements.7' key='test run status' value='true'/>
<eObjectEntry  timestamp='1297371981537' resUri='platform:/resource/ovinger/jex/ov3.jex' fragmentId='//@requirements.0/@requirements.0/@requirements.9' key='test run status' value='true'/>
<eObjectEntry  timestamp='1297371981585' resUri='platform:/resource/ovinger/jex/ov3.jex' fragmentId='//@requirements.2/@requirements.0/@requirements.3' key='test run status' value='true'/>
<eObjectEntry  timestamp='1297371981593' resUri='platform:/resource/ovinger/jex/ov3.jex' fragmentId='//@requirements.2/@requirements.1/@requirements.2' key='test run status' value='true'/>
<eObjectEntry  timestamp='1297371981667' resUri='platform:/resource/ovinger/jex/ov3.jex' fragmentId='//@requirements.2/@requirements.1/@requirements.4' key='test run status' value='true'/>
<eResourceEntry  timestamp='1298566290343' resUri='platform:/resource/ovinger/jex/ov3.jex' key='resource selected' value='null'/>
