<eResourceEntry  timestamp='1298385924170' resUri='platform:/resource/ovinger/jex/ov5.jex' key='resource selected' value='null'/>
<eObjectEntry  timestamp='1298386444486' resUri='platform:/resource/ovinger/jex/ov5.jex' fragmentId='//@requirements.0/@requirements.0/@requirements.3' key='junit test launch' value='testPerson'/>
<eObjectEntry  timestamp='1298386446314' resUri='platform:/resource/ovinger/jex/ov5.jex' fragmentId='//@requirements.0/@requirements.0/@requirements.3' key='test run status' value='true'/>
<eObjectEntry  timestamp='1298386448058' resUri='platform:/resource/ovinger/jex/ov5.jex' fragmentId='//@requirements.0/@requirements.0/@requirements.4' key='junit test launch' value='testGender'/>
<eObjectEntry  timestamp='1298386450673' resUri='platform:/resource/ovinger/jex/ov5.jex' fragmentId='//@requirements.0/@requirements.0/@requirements.4' key='test run status' value='true'/>
<eObjectEntry  timestamp='1298386561871' resUri='platform:/resource/ovinger/jex/ov5.jex' fragmentId='//@requirements.0/@requirements.0/@requirements.7' key='junit test launch' value='testGetSetName'/>
<eObjectEntry  timestamp='1298386563234' resUri='platform:/resource/ovinger/jex/ov5.jex' fragmentId='//@requirements.0/@requirements.0/@requirements.7' key='test run status' value='false'/>
<eObjectEntry  timestamp='1298386913015' resUri='platform:/resource/ovinger/jex/ov5.jex' fragmentId='//@requirements.0/@requirements.0/@requirements.7' key='junit test launch' value='testGetSetName'/>
<eObjectEntry  timestamp='1298386915646' resUri='platform:/resource/ovinger/jex/ov5.jex' fragmentId='//@requirements.0/@requirements.0/@requirements.7' key='test run status' value='false'/>
<eResourceEntry  timestamp='1298445693751' resUri='platform:/resource/ovinger/jex/ov5.jex' key='resource selected' value='null'/>
<eObjectEntry  timestamp='1298445893308' resUri='platform:/resource/ovinger/jex/ov5.jex' fragmentId='//@requirements.0/@requirements.0/@requirements.7' key='junit test launch' value='testGetSetName'/>
<eObjectEntry  timestamp='1298445895918' resUri='platform:/resource/ovinger/jex/ov5.jex' fragmentId='//@requirements.0/@requirements.0/@requirements.7' key='test run status' value='false'/>
<eObjectEntry  timestamp='1298445922393' resUri='platform:/resource/ovinger/jex/ov5.jex' fragmentId='//@requirements.0/@requirements.0/@requirements.7' key='junit test launch' value='testGetSetName'/>
<eObjectEntry  timestamp='1298445924792' resUri='platform:/resource/ovinger/jex/ov5.jex' fragmentId='//@requirements.0/@requirements.0/@requirements.7' key='test run status' value='false'/>
<eObjectEntry  timestamp='1298446003355' resUri='platform:/resource/ovinger/jex/ov5.jex' fragmentId='//@requirements.0/@requirements.0/@requirements.7' key='junit test launch' value='testGetSetName'/>
<eObjectEntry  timestamp='1298446006587' resUri='platform:/resource/ovinger/jex/ov5.jex' fragmentId='//@requirements.0/@requirements.0/@requirements.7' key='test run status' value='false'/>
<eObjectEntry  timestamp='1298446040520' resUri='platform:/resource/ovinger/jex/ov5.jex' fragmentId='//@requirements.0/@requirements.0/@requirements.7' key='junit test launch' value='testGetSetName'/>
<eObjectEntry  timestamp='1298446043473' resUri='platform:/resource/ovinger/jex/ov5.jex' fragmentId='//@requirements.0/@requirements.0/@requirements.7' key='test run status' value='false'/>
<eObjectEntry  timestamp='1298446058475' resUri='platform:/resource/ovinger/jex/ov5.jex' fragmentId='//@requirements.0/@requirements.0/@requirements.7' key='junit test launch' value='testGetSetName'/>
<eObjectEntry  timestamp='1298446061335' resUri='platform:/resource/ovinger/jex/ov5.jex' fragmentId='//@requirements.0/@requirements.0/@requirements.7' key='test run status' value='false'/>
<eObjectEntry  timestamp='1298446364477' resUri='platform:/resource/ovinger/jex/ov5.jex' fragmentId='//@requirements.0/@requirements.0/@requirements.7' key='junit test launch' value='testGetSetName'/>
<eObjectEntry  timestamp='1298446366950' resUri='platform:/resource/ovinger/jex/ov5.jex' fragmentId='//@requirements.0/@requirements.0/@requirements.7' key='test run status' value='false'/>
<eObjectEntry  timestamp='1298446775607' resUri='platform:/resource/ovinger/jex/ov5.jex' fragmentId='//@requirements.0/@requirements.0/@requirements.7' key='junit test launch' value='testGetSetName'/>
<eObjectEntry  timestamp='1298446778257' resUri='platform:/resource/ovinger/jex/ov5.jex' fragmentId='//@requirements.0/@requirements.0/@requirements.7' key='test run status' value='false'/>
<eObjectEntry  timestamp='1298446795771' resUri='platform:/resource/ovinger/jex/ov5.jex' fragmentId='//@requirements.0/@requirements.0/@requirements.7' key='junit test launch' value='testGetSetName'/>
<eObjectEntry  timestamp='1298446798224' resUri='platform:/resource/ovinger/jex/ov5.jex' fragmentId='//@requirements.0/@requirements.0/@requirements.7' key='test run status' value='false'/>
<eObjectEntry  timestamp='1298447831994' resUri='platform:/resource/ovinger/jex/ov5.jex' fragmentId='//@requirements.0/@requirements.0/@requirements.7' key='junit test launch' value='testGetSetName'/>
<eObjectEntry  timestamp='1298447834763' resUri='platform:/resource/ovinger/jex/ov5.jex' fragmentId='//@requirements.0/@requirements.0/@requirements.7' key='test run status' value='false'/>
<eObjectEntry  timestamp='1298448002400' resUri='platform:/resource/ovinger/jex/ov5.jex' fragmentId='//@requirements.0/@requirements.0/@requirements.7' key='junit test launch' value='testGetSetName'/>
<eObjectEntry  timestamp='1298448005181' resUri='platform:/resource/ovinger/jex/ov5.jex' fragmentId='//@requirements.0/@requirements.0/@requirements.7' key='test run status' value='false'/>
<eObjectEntry  timestamp='1298448032078' resUri='platform:/resource/ovinger/jex/ov5.jex' fragmentId='//@requirements.0/@requirements.0/@requirements.7' key='junit test launch' value='testGetSetName'/>
<eObjectEntry  timestamp='1298448034001' resUri='platform:/resource/ovinger/jex/ov5.jex' fragmentId='//@requirements.0/@requirements.0/@requirements.7' key='test run status' value='false'/>
<eObjectEntry  timestamp='1298448089201' resUri='platform:/resource/ovinger/jex/ov5.jex' fragmentId='//@requirements.0/@requirements.0/@requirements.7' key='junit test launch' value='testGetSetName'/>
<eObjectEntry  timestamp='1298448091784' resUri='platform:/resource/ovinger/jex/ov5.jex' fragmentId='//@requirements.0/@requirements.0/@requirements.7' key='test run status' value='false'/>
<eObjectEntry  timestamp='1298448101541' resUri='platform:/resource/ovinger/jex/ov5.jex' fragmentId='//@requirements.0/@requirements.0/@requirements.7' key='junit test launch' value='testGetSetName'/>
<eObjectEntry  timestamp='1298448104018' resUri='platform:/resource/ovinger/jex/ov5.jex' fragmentId='//@requirements.0/@requirements.0/@requirements.7' key='test run status' value='false'/>
<eObjectEntry  timestamp='1298448141086' resUri='platform:/resource/ovinger/jex/ov5.jex' fragmentId='//@requirements.0/@requirements.0/@requirements.7' key='junit test launch' value='testGetSetName'/>
<eObjectEntry  timestamp='1298448143607' resUri='platform:/resource/ovinger/jex/ov5.jex' fragmentId='//@requirements.0/@requirements.0/@requirements.7' key='test run status' value='false'/>
<eObjectEntry  timestamp='1298448147327' resUri='platform:/resource/ovinger/jex/ov5.jex' fragmentId='//@requirements.0/@requirements.0/@requirements.7' key='junit test launch' value='testGetSetName'/>
<eObjectEntry  timestamp='1298448149212' resUri='platform:/resource/ovinger/jex/ov5.jex' fragmentId='//@requirements.0/@requirements.0/@requirements.7' key='test run status' value='false'/>
<eObjectEntry  timestamp='1298448179635' resUri='platform:/resource/ovinger/jex/ov5.jex' fragmentId='//@requirements.0/@requirements.0/@requirements.7' key='junit test launch' value='testGetSetName'/>
<eObjectEntry  timestamp='1298448182099' resUri='platform:/resource/ovinger/jex/ov5.jex' fragmentId='//@requirements.0/@requirements.0/@requirements.7' key='test run status' value='false'/>
<eObjectEntry  timestamp='1298448246143' resUri='platform:/resource/ovinger/jex/ov5.jex' fragmentId='//@requirements.0/@requirements.0/@requirements.7' key='junit test launch' value='testGetSetName'/>
<eObjectEntry  timestamp='1298448248834' resUri='platform:/resource/ovinger/jex/ov5.jex' fragmentId='//@requirements.0/@requirements.0/@requirements.7' key='test run status' value='false'/>
<eObjectEntry  timestamp='1298448270169' resUri='platform:/resource/ovinger/jex/ov5.jex' fragmentId='//@requirements.0/@requirements.0/@requirements.7' key='junit test launch' value='testGetSetName'/>
<eObjectEntry  timestamp='1298448272867' resUri='platform:/resource/ovinger/jex/ov5.jex' fragmentId='//@requirements.0/@requirements.0/@requirements.7' key='test run status' value='false'/>
<eResourceEntry  timestamp='1298466459722' resUri='platform:/resource/ovinger/jex/ov5.jex' key='resource selected' value='null'/>
<eObjectEntry  timestamp='1298466465499' resUri='platform:/resource/ovinger/jex/ov5.jex' fragmentId='//@requirements.0/@requirements.0/@requirements.7' key='junit test launch' value='testGetSetName'/>
<eObjectEntry  timestamp='1298466471235' resUri='platform:/resource/ovinger/jex/ov5.jex' fragmentId='//@requirements.0/@requirements.0/@requirements.7' key='test run status' value='false'/>
<eObjectEntry  timestamp='1298466674862' resUri='platform:/resource/ovinger/jex/ov5.jex' fragmentId='//@requirements.0/@requirements.0/@requirements.7' key='junit test launch' value='testGetSetName'/>
<eObjectEntry  timestamp='1298466680011' resUri='platform:/resource/ovinger/jex/ov5.jex' fragmentId='//@requirements.0/@requirements.0/@requirements.7' key='test run status' value='false'/>
<eObjectEntry  timestamp='1298466702020' resUri='platform:/resource/ovinger/jex/ov5.jex' fragmentId='//@requirements.0/@requirements.0/@requirements.7' key='junit test launch' value='testGetSetName'/>
<eObjectEntry  timestamp='1298466707095' resUri='platform:/resource/ovinger/jex/ov5.jex' fragmentId='//@requirements.0/@requirements.0/@requirements.7' key='test run status' value='false'/>
<eObjectEntry  timestamp='1298466784349' resUri='platform:/resource/ovinger/jex/ov5.jex' fragmentId='//@requirements.0/@requirements.0/@requirements.7' key='junit test launch' value='testGetSetName'/>
<eObjectEntry  timestamp='1298466789833' resUri='platform:/resource/ovinger/jex/ov5.jex' fragmentId='//@requirements.0/@requirements.0/@requirements.7' key='test run status' value='false'/>
<eObjectEntry  timestamp='1298466819596' resUri='platform:/resource/ovinger/jex/ov5.jex' fragmentId='//@requirements.0/@requirements.0/@requirements.7' key='junit test launch' value='testGetSetName'/>
<eObjectEntry  timestamp='1298466823109' resUri='platform:/resource/ovinger/jex/ov5.jex' fragmentId='//@requirements.0/@requirements.0/@requirements.7' key='test run status' value='false'/>
<eObjectEntry  timestamp='1298466951012' resUri='platform:/resource/ovinger/jex/ov5.jex' fragmentId='//@requirements.0/@requirements.0/@requirements.7' key='junit test launch' value='testGetSetName'/>
<eObjectEntry  timestamp='1298466956342' resUri='platform:/resource/ovinger/jex/ov5.jex' fragmentId='//@requirements.0/@requirements.0/@requirements.7' key='test run status' value='false'/>
<eObjectEntry  timestamp='1298467102773' resUri='platform:/resource/ovinger/jex/ov5.jex' fragmentId='//@requirements.0/@requirements.0/@requirements.7' key='test run status' value='true'/>
<eObjectEntry  timestamp='1298468723875' resUri='platform:/resource/ovinger/jex/ov5.jex' fragmentId='//@requirements.0/@requirements.0/@requirements.4' key='junit test launch' value='testGender'/>
<eObjectEntry  timestamp='1298468726391' resUri='platform:/resource/ovinger/jex/ov5.jex' fragmentId='//@requirements.0/@requirements.0/@requirements.4' key='test run status' value='true'/>
<eObjectEntry  timestamp='1298468727305' resUri='platform:/resource/ovinger/jex/ov5.jex' fragmentId='//@requirements.0/@requirements.0/@requirements.3' key='junit test launch' value='testPerson'/>
<eObjectEntry  timestamp='1298468730619' resUri='platform:/resource/ovinger/jex/ov5.jex' fragmentId='//@requirements.0/@requirements.0/@requirements.3' key='test run status' value='true'/>
<eObjectEntry  timestamp='1298472816875' resUri='platform:/resource/ovinger/jex/ov5.jex' fragmentId='//@requirements.1/@requirements.0/@requirements.8' key='junit test launch' value='testAddChild'/>
<eObjectEntry  timestamp='1298472822098' resUri='platform:/resource/ovinger/jex/ov5.jex' fragmentId='//@requirements.1/@requirements.0/@requirements.8' key='test run status' value='false'/>
<eResourceEntry  timestamp='1298557670442' resUri='platform:/resource/ovinger/jex/ov5.jex' key='resource selected' value='null'/>
<eResourceEntry  timestamp='1298566293092' resUri='platform:/resource/ovinger/jex/ov5.jex' key='resource selected' value='null'/>
<eObjectEntry  timestamp='1298628850349' resUri='platform:/resource/ovinger/jex/ov5.jex' fragmentId='//@requirements.0/@requirements.0/@requirements.3' key='junit test launch' value='testPerson'/>
<eObjectEntry  timestamp='1298628853028' resUri='platform:/resource/ovinger/jex/ov5.jex' fragmentId='//@requirements.0/@requirements.0/@requirements.3' key='test run status' value='true'/>
<eObjectEntry  timestamp='1298628854484' resUri='platform:/resource/ovinger/jex/ov5.jex' fragmentId='//@requirements.0/@requirements.0/@requirements.4' key='junit test launch' value='testGender'/>
<eObjectEntry  timestamp='1298628856447' resUri='platform:/resource/ovinger/jex/ov5.jex' fragmentId='//@requirements.0/@requirements.0/@requirements.4' key='test run status' value='true'/>
<eObjectEntry  timestamp='1298628857144' resUri='platform:/resource/ovinger/jex/ov5.jex' fragmentId='//@requirements.0/@requirements.0/@requirements.7' key='junit test launch' value='testGetSetName'/>
<eObjectEntry  timestamp='1298628859724' resUri='platform:/resource/ovinger/jex/ov5.jex' fragmentId='//@requirements.0/@requirements.0/@requirements.7' key='test run status' value='true'/>
<eObjectEntry  timestamp='1298636219034' resUri='platform:/resource/ovinger/jex/ov5.jex' fragmentId='//@requirements.1/@requirements.0/@requirements.8' key='junit test launch' value='testAddChild'/>
<eObjectEntry  timestamp='1298636224427' resUri='platform:/resource/ovinger/jex/ov5.jex' fragmentId='//@requirements.1/@requirements.0/@requirements.8' key='test run status' value='false'/>
<eObjectEntry  timestamp='1298636656842' resUri='platform:/resource/ovinger/jex/ov5.jex' fragmentId='//@requirements.1/@requirements.0/@requirements.8' key='junit test launch' value='testAddChild'/>
<eObjectEntry  timestamp='1298636661594' resUri='platform:/resource/ovinger/jex/ov5.jex' fragmentId='//@requirements.1/@requirements.0/@requirements.8' key='test run status' value='false'/>
<eObjectEntry  timestamp='1298636860466' resUri='platform:/resource/ovinger/jex/ov5.jex' fragmentId='//@requirements.1/@requirements.0/@requirements.8' key='junit test launch' value='testAddChild'/>
<eObjectEntry  timestamp='1298636865030' resUri='platform:/resource/ovinger/jex/ov5.jex' fragmentId='//@requirements.1/@requirements.0/@requirements.8' key='test run status' value='false'/>
<eObjectEntry  timestamp='1298637278528' resUri='platform:/resource/ovinger/jex/ov5.jex' fragmentId='//@requirements.1/@requirements.0/@requirements.8' key='junit test launch' value='testAddChild'/>
<eObjectEntry  timestamp='1298637283321' resUri='platform:/resource/ovinger/jex/ov5.jex' fragmentId='//@requirements.1/@requirements.0/@requirements.8' key='test run status' value='false'/>
<eObjectEntry  timestamp='1298637292639' resUri='platform:/resource/ovinger/jex/ov5.jex' fragmentId='//@requirements.1/@requirements.0/@requirements.8' key='junit test launch' value='testAddChild'/>
<eObjectEntry  timestamp='1298637298057' resUri='platform:/resource/ovinger/jex/ov5.jex' fragmentId='//@requirements.1/@requirements.0/@requirements.8' key='test run status' value='false'/>
<eObjectEntry  timestamp='1298637306451' resUri='platform:/resource/ovinger/jex/ov5.jex' fragmentId='//@requirements.1/@requirements.0/@requirements.9' key='junit test launch' value='testSetAsAddChild'/>
<eObjectEntry  timestamp='1298637308388' resUri='platform:/resource/ovinger/jex/ov5.jex' fragmentId='//@requirements.1/@requirements.0/@requirements.9' key='test run status' value='false'/>
<eObjectEntry  timestamp='1298637310419' resUri='platform:/resource/ovinger/jex/ov5.jex' fragmentId='//@requirements.1/@requirements.0/@requirements.10' key='junit test launch' value='testRemoveChild'/>
<eObjectEntry  timestamp='1298637312326' resUri='platform:/resource/ovinger/jex/ov5.jex' fragmentId='//@requirements.1/@requirements.0/@requirements.10' key='test run status' value='true'/>
<eObjectEntry  timestamp='1298637318853' resUri='platform:/resource/ovinger/jex/ov5.jex' fragmentId='//@requirements.1/@requirements.0/@requirements.11' key='junit test launch' value='testSetAsRemoveChild'/>
<eObjectEntry  timestamp='1298637320118' resUri='platform:/resource/ovinger/jex/ov5.jex' fragmentId='//@requirements.1/@requirements.0/@requirements.11' key='test run status' value='false'/>
<eObjectEntry  timestamp='1298637322300' resUri='platform:/resource/ovinger/jex/ov5.jex' fragmentId='//@requirements.1/@requirements.0/@requirements.12' key='junit test launch' value='testGetSetParents'/>
<eObjectEntry  timestamp='1298637324921' resUri='platform:/resource/ovinger/jex/ov5.jex' fragmentId='//@requirements.1/@requirements.0/@requirements.12' key='test run status' value='false'/>
<eObjectEntry  timestamp='1298637407939' resUri='platform:/resource/ovinger/jex/ov5.jex' fragmentId='//@requirements.1/@requirements.0/@requirements.12' key='junit test launch' value='testGetSetParents'/>
<eObjectEntry  timestamp='1298637411907' resUri='platform:/resource/ovinger/jex/ov5.jex' fragmentId='//@requirements.1/@requirements.0/@requirements.12' key='test run status' value='false'/>
<eObjectEntry  timestamp='1298637441952' resUri='platform:/resource/ovinger/jex/ov5.jex' fragmentId='//@requirements.1/@requirements.0/@requirements.12' key='junit test launch' value='testGetSetParents'/>
<eObjectEntry  timestamp='1298637445953' resUri='platform:/resource/ovinger/jex/ov5.jex' fragmentId='//@requirements.1/@requirements.0/@requirements.12' key='test run status' value='false'/>
<eObjectEntry  timestamp='1298637878455' resUri='platform:/resource/ovinger/jex/ov5.jex' fragmentId='//@requirements.1/@requirements.0/@requirements.8' key='junit test launch' value='testAddChild'/>
<eObjectEntry  timestamp='1298637882817' resUri='platform:/resource/ovinger/jex/ov5.jex' fragmentId='//@requirements.1/@requirements.0/@requirements.8' key='test run status' value='false'/>
<eObjectEntry  timestamp='1298638233397' resUri='platform:/resource/ovinger/jex/ov5.jex' fragmentId='//@requirements.1/@requirements.0/@requirements.8' key='junit test launch' value='testAddChild'/>
<eObjectEntry  timestamp='1298638237869' resUri='platform:/resource/ovinger/jex/ov5.jex' fragmentId='//@requirements.1/@requirements.0/@requirements.8' key='test run status' value='false'/>
<eObjectEntry  timestamp='1298638452765' resUri='platform:/resource/ovinger/jex/ov5.jex' fragmentId='//@requirements.1/@requirements.0/@requirements.8' key='junit test launch' value='testAddChild'/>
<eObjectEntry  timestamp='1298638456966' resUri='platform:/resource/ovinger/jex/ov5.jex' fragmentId='//@requirements.1/@requirements.0/@requirements.8' key='test run status' value='false'/>
<eObjectEntry  timestamp='1298638854635' resUri='platform:/resource/ovinger/jex/ov5.jex' fragmentId='//@requirements.1/@requirements.0/@requirements.10' key='junit test launch' value='testRemoveChild'/>
<eObjectEntry  timestamp='1298638859332' resUri='platform:/resource/ovinger/jex/ov5.jex' fragmentId='//@requirements.1/@requirements.0/@requirements.10' key='test run status' value='false'/>
<eObjectEntry  timestamp='1298638920449' resUri='platform:/resource/ovinger/jex/ov5.jex' fragmentId='//@requirements.1/@requirements.0/@requirements.8' key='junit test launch' value='testAddChild'/>
<eObjectEntry  timestamp='1298638922435' resUri='platform:/resource/ovinger/jex/ov5.jex' fragmentId='//@requirements.1/@requirements.0/@requirements.8' key='test run status' value='false'/>
<eObjectEntry  timestamp='1298639140062' resUri='platform:/resource/ovinger/jex/ov5.jex' fragmentId='//@requirements.1/@requirements.0/@requirements.8' key='junit test launch' value='testAddChild'/>
<eObjectEntry  timestamp='1298639142444' resUri='platform:/resource/ovinger/jex/ov5.jex' fragmentId='//@requirements.1/@requirements.0/@requirements.8' key='test run status' value='false'/>
<eObjectEntry  timestamp='1298639242078' resUri='platform:/resource/ovinger/jex/ov5.jex' fragmentId='//@requirements.1/@requirements.0/@requirements.8' key='junit test launch' value='testAddChild'/>
<eObjectEntry  timestamp='1298639246425' resUri='platform:/resource/ovinger/jex/ov5.jex' fragmentId='//@requirements.1/@requirements.0/@requirements.8' key='test run status' value='false'/>
<eObjectEntry  timestamp='1298639331418' resUri='platform:/resource/ovinger/jex/ov5.jex' fragmentId='//@requirements.1/@requirements.0/@requirements.8' key='junit test launch' value='testAddChild'/>
<eObjectEntry  timestamp='1298639335768' resUri='platform:/resource/ovinger/jex/ov5.jex' fragmentId='//@requirements.1/@requirements.0/@requirements.8' key='test run status' value='false'/>
<eObjectEntry  timestamp='1298639361168' resUri='platform:/resource/ovinger/jex/ov5.jex' fragmentId='//@requirements.1/@requirements.0/@requirements.8' key='test run status' value='false'/>
<eObjectEntry  timestamp='1298639413694' resUri='platform:/resource/ovinger/jex/ov5.jex' fragmentId='//@requirements.1/@requirements.0/@requirements.8' key='test run status' value='false'/>
<eObjectEntry  timestamp='1298639437894' resUri='platform:/resource/ovinger/jex/ov5.jex' fragmentId='//@requirements.1/@requirements.0/@requirements.8' key='junit test launch' value='testAddChild'/>
<eObjectEntry  timestamp='1298639445331' resUri='platform:/resource/ovinger/jex/ov5.jex' fragmentId='//@requirements.1/@requirements.0/@requirements.8' key='junit test launch' value='testAddChild'/>
<eObjectEntry  timestamp='1298639448993' resUri='platform:/resource/ovinger/jex/ov5.jex' fragmentId='//@requirements.1/@requirements.0/@requirements.8' key='test run status' value='false'/>
<eObjectEntry  timestamp='1298639459385' resUri='platform:/resource/ovinger/jex/ov5.jex' fragmentId='//@requirements.1/@requirements.0/@requirements.8' key='junit test launch' value='testAddChild'/>
<eObjectEntry  timestamp='1298639461452' resUri='platform:/resource/ovinger/jex/ov5.jex' fragmentId='//@requirements.1/@requirements.0/@requirements.8' key='test run status' value='false'/>
<eObjectEntry  timestamp='1298639745437' resUri='platform:/resource/ovinger/jex/ov5.jex' fragmentId='//@requirements.1/@requirements.0/@requirements.8' key='test run status' value='false'/>
<eObjectEntry  timestamp='1298639991296' resUri='platform:/resource/ovinger/jex/ov5.jex' fragmentId='//@requirements.1/@requirements.0/@requirements.8' key='test run status' value='true'/>
<eObjectEntry  timestamp='1298640671960' resUri='platform:/resource/ovinger/jex/ov5.jex' fragmentId='//@requirements.1/@requirements.0/@requirements.9' key='junit test launch' value='testSetAsAddChild'/>
<eObjectEntry  timestamp='1298640677081' resUri='platform:/resource/ovinger/jex/ov5.jex' fragmentId='//@requirements.1/@requirements.0/@requirements.9' key='test run status' value='true'/>
<eObjectEntry  timestamp='1298640678306' resUri='platform:/resource/ovinger/jex/ov5.jex' fragmentId='//@requirements.1/@requirements.0/@requirements.10' key='junit test launch' value='testRemoveChild'/>
<eObjectEntry  timestamp='1298640680490' resUri='platform:/resource/ovinger/jex/ov5.jex' fragmentId='//@requirements.1/@requirements.0/@requirements.10' key='test run status' value='false'/>
<eObjectEntry  timestamp='1298640682600' resUri='platform:/resource/ovinger/jex/ov5.jex' fragmentId='//@requirements.1/@requirements.0/@requirements.11' key='junit test launch' value='testSetAsRemoveChild'/>
<eObjectEntry  timestamp='1298640684748' resUri='platform:/resource/ovinger/jex/ov5.jex' fragmentId='//@requirements.1/@requirements.0/@requirements.11' key='test run status' value='false'/>
<eObjectEntry  timestamp='1298640685618' resUri='platform:/resource/ovinger/jex/ov5.jex' fragmentId='//@requirements.1/@requirements.0/@requirements.12' key='junit test launch' value='testGetSetParents'/>
<eObjectEntry  timestamp='1298640688103' resUri='platform:/resource/ovinger/jex/ov5.jex' fragmentId='//@requirements.1/@requirements.0/@requirements.12' key='test run status' value='true'/>
<eObjectEntry  timestamp='1298640690808' resUri='platform:/resource/ovinger/jex/ov5.jex' fragmentId='//@requirements.1/@requirements.0/@requirements.10' key='junit test launch' value='testRemoveChild'/>
<eObjectEntry  timestamp='1298640692856' resUri='platform:/resource/ovinger/jex/ov5.jex' fragmentId='//@requirements.1/@requirements.0/@requirements.10' key='test run status' value='false'/>
<eObjectEntry  timestamp='1298640855145' resUri='platform:/resource/ovinger/jex/ov5.jex' fragmentId='//@requirements.1/@requirements.0/@requirements.10' key='junit test launch' value='testRemoveChild'/>
<eObjectEntry  timestamp='1298640857951' resUri='platform:/resource/ovinger/jex/ov5.jex' fragmentId='//@requirements.1/@requirements.0/@requirements.10' key='test run status' value='false'/>
<eObjectEntry  timestamp='1298640978897' resUri='platform:/resource/ovinger/jex/ov5.jex' fragmentId='//@requirements.1/@requirements.0/@requirements.10' key='junit test launch' value='testRemoveChild'/>
<eObjectEntry  timestamp='1298640983170' resUri='platform:/resource/ovinger/jex/ov5.jex' fragmentId='//@requirements.1/@requirements.0/@requirements.10' key='test run status' value='false'/>
<eObjectEntry  timestamp='1298641045303' resUri='platform:/resource/ovinger/jex/ov5.jex' fragmentId='//@requirements.1/@requirements.0/@requirements.10' key='junit test launch' value='testRemoveChild'/>
<eObjectEntry  timestamp='1298641047381' resUri='platform:/resource/ovinger/jex/ov5.jex' fragmentId='//@requirements.1/@requirements.0/@requirements.10' key='test run status' value='false'/>
<eObjectEntry  timestamp='1298641336735' resUri='platform:/resource/ovinger/jex/ov5.jex' fragmentId='//@requirements.1/@requirements.0/@requirements.10' key='junit test launch' value='testRemoveChild'/>
<eObjectEntry  timestamp='1298641340986' resUri='platform:/resource/ovinger/jex/ov5.jex' fragmentId='//@requirements.1/@requirements.0/@requirements.10' key='test run status' value='false'/>
<eObjectEntry  timestamp='1298641458043' resUri='platform:/resource/ovinger/jex/ov5.jex' fragmentId='//@requirements.1/@requirements.0/@requirements.10' key='junit test launch' value='testRemoveChild'/>
<eObjectEntry  timestamp='1298641461281' resUri='platform:/resource/ovinger/jex/ov5.jex' fragmentId='//@requirements.1/@requirements.0/@requirements.10' key='test run status' value='false'/>
<eObjectEntry  timestamp='1298641465266' resUri='platform:/resource/ovinger/jex/ov5.jex' fragmentId='//@requirements.1/@requirements.0/@requirements.10' key='junit test launch' value='testRemoveChild'/>
<eObjectEntry  timestamp='1298641467375' resUri='platform:/resource/ovinger/jex/ov5.jex' fragmentId='//@requirements.1/@requirements.0/@requirements.10' key='test run status' value='false'/>
<eObjectEntry  timestamp='1298641550785' resUri='platform:/resource/ovinger/jex/ov5.jex' fragmentId='//@requirements.1/@requirements.0/@requirements.10' key='junit test launch' value='testRemoveChild'/>
<eObjectEntry  timestamp='1298641554806' resUri='platform:/resource/ovinger/jex/ov5.jex' fragmentId='//@requirements.1/@requirements.0/@requirements.10' key='test run status' value='false'/>
<eObjectEntry  timestamp='1298641593858' resUri='platform:/resource/ovinger/jex/ov5.jex' fragmentId='//@requirements.1/@requirements.0/@requirements.10' key='junit test launch' value='testRemoveChild'/>
<eObjectEntry  timestamp='1298641597311' resUri='platform:/resource/ovinger/jex/ov5.jex' fragmentId='//@requirements.1/@requirements.0/@requirements.10' key='test run status' value='false'/>
<eObjectEntry  timestamp='1298641604480' resUri='platform:/resource/ovinger/jex/ov5.jex' fragmentId='//@requirements.1/@requirements.0/@requirements.10' key='junit test launch' value='testRemoveChild'/>
<eObjectEntry  timestamp='1298641606669' resUri='platform:/resource/ovinger/jex/ov5.jex' fragmentId='//@requirements.1/@requirements.0/@requirements.10' key='test run status' value='false'/>
<eObjectEntry  timestamp='1298641638653' resUri='platform:/resource/ovinger/jex/ov5.jex' fragmentId='//@requirements.1/@requirements.0/@requirements.10' key='junit test launch' value='testRemoveChild'/>
<eObjectEntry  timestamp='1298641642719' resUri='platform:/resource/ovinger/jex/ov5.jex' fragmentId='//@requirements.1/@requirements.0/@requirements.10' key='test run status' value='true'/>
<eObjectEntry  timestamp='1298641644698' resUri='platform:/resource/ovinger/jex/ov5.jex' fragmentId='//@requirements.1/@requirements.0/@requirements.11' key='junit test launch' value='testSetAsRemoveChild'/>
<eObjectEntry  timestamp='1298641646780' resUri='platform:/resource/ovinger/jex/ov5.jex' fragmentId='//@requirements.1/@requirements.0/@requirements.11' key='test run status' value='true'/>
<eResourceEntry  timestamp='1298761143472' resUri='platform:/resource/ovinger/jex/ov5.jex' key='resource selected' value='null'/>
<eObjectEntry  timestamp='1298761146842' resUri='platform:/resource/ovinger/jex/ov5.jex' fragmentId='//@javaElements.0/@classes.0' key='junit test launch' value='AllTests'/>
<eObjectEntry  timestamp='1298761170265' resUri='platform:/resource/ovinger/jex/ov5.jex' fragmentId='//@requirements.0/@requirements.0/@requirements.3' key='junit test launch' value='testPerson'/>
<eObjectEntry  timestamp='1298761173567' resUri='platform:/resource/ovinger/jex/ov5.jex' fragmentId='//@requirements.0/@requirements.0/@requirements.3' key='test run status' value='true'/>
<eObjectEntry  timestamp='1298761174842' resUri='platform:/resource/ovinger/jex/ov5.jex' fragmentId='//@requirements.0/@requirements.0/@requirements.4' key='junit test launch' value='testGender'/>
<eObjectEntry  timestamp='1298761177668' resUri='platform:/resource/ovinger/jex/ov5.jex' fragmentId='//@requirements.0/@requirements.0/@requirements.4' key='test run status' value='true'/>
<eObjectEntry  timestamp='1298761179878' resUri='platform:/resource/ovinger/jex/ov5.jex' fragmentId='//@requirements.0/@requirements.0/@requirements.7' key='junit test launch' value='testGetSetName'/>
<eObjectEntry  timestamp='1298761181725' resUri='platform:/resource/ovinger/jex/ov5.jex' fragmentId='//@requirements.0/@requirements.0/@requirements.7' key='test run status' value='true'/>
<eObjectEntry  timestamp='1298761189906' resUri='platform:/resource/ovinger/jex/ov5.jex' fragmentId='//@requirements.1/@requirements.0/@requirements.8' key='junit test launch' value='testAddChild'/>
<eObjectEntry  timestamp='1298761192194' resUri='platform:/resource/ovinger/jex/ov5.jex' fragmentId='//@requirements.1/@requirements.0/@requirements.8' key='test run status' value='true'/>
<eObjectEntry  timestamp='1298761193012' resUri='platform:/resource/ovinger/jex/ov5.jex' fragmentId='//@requirements.1/@requirements.0/@requirements.9' key='junit test launch' value='testSetAsAddChild'/>
<eObjectEntry  timestamp='1298761195265' resUri='platform:/resource/ovinger/jex/ov5.jex' fragmentId='//@requirements.1/@requirements.0/@requirements.9' key='test run status' value='true'/>
<eObjectEntry  timestamp='1298761196954' resUri='platform:/resource/ovinger/jex/ov5.jex' fragmentId='//@requirements.1/@requirements.0/@requirements.10' key='junit test launch' value='testRemoveChild'/>
<eObjectEntry  timestamp='1298761199404' resUri='platform:/resource/ovinger/jex/ov5.jex' fragmentId='//@requirements.1/@requirements.0/@requirements.10' key='test run status' value='true'/>
<eObjectEntry  timestamp='1298761200228' resUri='platform:/resource/ovinger/jex/ov5.jex' fragmentId='//@requirements.1/@requirements.0/@requirements.11' key='junit test launch' value='testSetAsRemoveChild'/>
<eObjectEntry  timestamp='1298761202588' resUri='platform:/resource/ovinger/jex/ov5.jex' fragmentId='//@requirements.1/@requirements.0/@requirements.11' key='test run status' value='true'/>
<eObjectEntry  timestamp='1298761205142' resUri='platform:/resource/ovinger/jex/ov5.jex' fragmentId='//@requirements.1/@requirements.0/@requirements.12' key='junit test launch' value='testGetSetParents'/>
<eObjectEntry  timestamp='1298761206969' resUri='platform:/resource/ovinger/jex/ov5.jex' fragmentId='//@requirements.1/@requirements.0/@requirements.12' key='test run status' value='true'/>
<eResourceEntry  timestamp='1298821731289' resUri='platform:/resource/ovinger/jex/ov5.jex' key='resource selected' value='null'/>
<eObjectEntry  timestamp='1298821738301' resUri='platform:/resource/ovinger/jex/ov5.jex' fragmentId='//@requirements.0/@requirements.0/@requirements.3' key='junit test launch' value='testPerson'/>
<eObjectEntry  timestamp='1298821743801' resUri='platform:/resource/ovinger/jex/ov5.jex' fragmentId='//@requirements.0/@requirements.0/@requirements.3' key='test run status' value='true'/>
<eObjectEntry  timestamp='1298821744855' resUri='platform:/resource/ovinger/jex/ov5.jex' fragmentId='//@requirements.0/@requirements.0/@requirements.4' key='junit test launch' value='testGender'/>
<eObjectEntry  timestamp='1298821746764' resUri='platform:/resource/ovinger/jex/ov5.jex' fragmentId='//@requirements.0/@requirements.0/@requirements.4' key='test run status' value='true'/>
<eObjectEntry  timestamp='1298821747774' resUri='platform:/resource/ovinger/jex/ov5.jex' fragmentId='//@requirements.0/@requirements.0/@requirements.7' key='junit test launch' value='testGetSetName'/>
<eObjectEntry  timestamp='1298821749540' resUri='platform:/resource/ovinger/jex/ov5.jex' fragmentId='//@requirements.0/@requirements.0/@requirements.7' key='test run status' value='true'/>
<eObjectEntry  timestamp='1298821754133' resUri='platform:/resource/ovinger/jex/ov5.jex' fragmentId='//@requirements.1/@requirements.0/@requirements.8' key='junit test launch' value='testAddChild'/>
<eObjectEntry  timestamp='1298821756123' resUri='platform:/resource/ovinger/jex/ov5.jex' fragmentId='//@requirements.1/@requirements.0/@requirements.8' key='test run status' value='true'/>
<eObjectEntry  timestamp='1298821756545' resUri='platform:/resource/ovinger/jex/ov5.jex' fragmentId='//@requirements.1/@requirements.0/@requirements.9' key='junit test launch' value='testSetAsAddChild'/>
<eObjectEntry  timestamp='1298821759000' resUri='platform:/resource/ovinger/jex/ov5.jex' fragmentId='//@requirements.1/@requirements.0/@requirements.9' key='test run status' value='true'/>
<eObjectEntry  timestamp='1298821759468' resUri='platform:/resource/ovinger/jex/ov5.jex' fragmentId='//@requirements.1/@requirements.0/@requirements.10' key='junit test launch' value='testRemoveChild'/>
<eObjectEntry  timestamp='1298821761566' resUri='platform:/resource/ovinger/jex/ov5.jex' fragmentId='//@requirements.1/@requirements.0/@requirements.10' key='test run status' value='true'/>
<eObjectEntry  timestamp='1298821762319' resUri='platform:/resource/ovinger/jex/ov5.jex' fragmentId='//@requirements.1/@requirements.0/@requirements.11' key='junit test launch' value='testSetAsRemoveChild'/>
<eObjectEntry  timestamp='1298821765132' resUri='platform:/resource/ovinger/jex/ov5.jex' fragmentId='//@requirements.1/@requirements.0/@requirements.11' key='test run status' value='true'/>
<eObjectEntry  timestamp='1298821765419' resUri='platform:/resource/ovinger/jex/ov5.jex' fragmentId='//@requirements.1/@requirements.0/@requirements.12' key='junit test launch' value='testGetSetParents'/>
<eObjectEntry  timestamp='1298821768430' resUri='platform:/resource/ovinger/jex/ov5.jex' fragmentId='//@requirements.1/@requirements.0/@requirements.12' key='test run status' value='true'/>
<eObjectEntry  timestamp='1298822946950' resUri='platform:/resource/ovinger/jex/ov5.jex' fragmentId='//@requirements.2/@requirements.0/@requirements.2' key='junit test launch' value='testIndexOfChild'/>
<eObjectEntry  timestamp='1298822951028' resUri='platform:/resource/ovinger/jex/ov5.jex' fragmentId='//@requirements.2/@requirements.0/@requirements.2' key='test run status' value='true'/>
<eObjectEntry  timestamp='1298823221254' resUri='platform:/resource/ovinger/jex/ov5.jex' fragmentId='//@requirements.2/@requirements.0/@requirements.3' key='junit test launch' value='testContainsChild'/>
<eObjectEntry  timestamp='1298823224985' resUri='platform:/resource/ovinger/jex/ov5.jex' fragmentId='//@requirements.2/@requirements.0/@requirements.3' key='test run status' value='true'/>
<eObjectEntry  timestamp='1298824241458' resUri='platform:/resource/ovinger/jex/ov5.jex' fragmentId='//@requirements.2/@requirements.0/@requirements.5' key='junit test launch' value='testIsAncestorOf'/>
<eObjectEntry  timestamp='1298824245669' resUri='platform:/resource/ovinger/jex/ov5.jex' fragmentId='//@requirements.2/@requirements.0/@requirements.5' key='test run status' value='false'/>
<eObjectEntry  timestamp='1298824249237' resUri='platform:/resource/ovinger/jex/ov5.jex' fragmentId='//@requirements.2/@requirements.0/@requirements.5' key='junit test launch' value='testIsAncestorOf'/>
<eObjectEntry  timestamp='1298824251208' resUri='platform:/resource/ovinger/jex/ov5.jex' fragmentId='//@requirements.2/@requirements.0/@requirements.5' key='test run status' value='false'/>
<eObjectEntry  timestamp='1298824408243' resUri='platform:/resource/ovinger/jex/ov5.jex' fragmentId='//@requirements.2/@requirements.0/@requirements.5' key='junit test launch' value='testIsAncestorOf'/>
<eObjectEntry  timestamp='1298824411824' resUri='platform:/resource/ovinger/jex/ov5.jex' fragmentId='//@requirements.2/@requirements.0/@requirements.5' key='test run status' value='false'/>
<eObjectEntry  timestamp='1298824415549' resUri='platform:/resource/ovinger/jex/ov5.jex' fragmentId='//@requirements.2/@requirements.0/@requirements.5' key='junit test launch' value='testIsAncestorOf'/>
<eObjectEntry  timestamp='1298824417388' resUri='platform:/resource/ovinger/jex/ov5.jex' fragmentId='//@requirements.2/@requirements.0/@requirements.5' key='test run status' value='false'/>
<eObjectEntry  timestamp='1298824509666' resUri='platform:/resource/ovinger/jex/ov5.jex' fragmentId='//@requirements.2/@requirements.0/@requirements.5' key='junit test launch' value='testIsAncestorOf'/>
<eObjectEntry  timestamp='1298824513744' resUri='platform:/resource/ovinger/jex/ov5.jex' fragmentId='//@requirements.2/@requirements.0/@requirements.5' key='test run status' value='false'/>
<eObjectEntry  timestamp='1298824516078' resUri='platform:/resource/ovinger/jex/ov5.jex' fragmentId='//@requirements.2/@requirements.0/@requirements.5' key='junit test launch' value='testIsAncestorOf'/>
<eObjectEntry  timestamp='1298824517875' resUri='platform:/resource/ovinger/jex/ov5.jex' fragmentId='//@requirements.2/@requirements.0/@requirements.5' key='test run status' value='false'/>
<eObjectEntry  timestamp='1298824574777' resUri='platform:/resource/ovinger/jex/ov5.jex' fragmentId='//@requirements.2/@requirements.0/@requirements.5' key='junit test launch' value='testIsAncestorOf'/>
<eObjectEntry  timestamp='1298824578522' resUri='platform:/resource/ovinger/jex/ov5.jex' fragmentId='//@requirements.2/@requirements.0/@requirements.5' key='test run status' value='false'/>
<eObjectEntry  timestamp='1298824580745' resUri='platform:/resource/ovinger/jex/ov5.jex' fragmentId='//@requirements.2/@requirements.0/@requirements.5' key='junit test launch' value='testIsAncestorOf'/>
<eObjectEntry  timestamp='1298824582190' resUri='platform:/resource/ovinger/jex/ov5.jex' fragmentId='//@requirements.2/@requirements.0/@requirements.5' key='test run status' value='false'/>
<eObjectEntry  timestamp='1298824584773' resUri='platform:/resource/ovinger/jex/ov5.jex' fragmentId='//@requirements.2/@requirements.0/@requirements.5' key='junit test launch' value='testIsAncestorOf'/>
<eObjectEntry  timestamp='1298824586520' resUri='platform:/resource/ovinger/jex/ov5.jex' fragmentId='//@requirements.2/@requirements.0/@requirements.5' key='test run status' value='false'/>
<eObjectEntry  timestamp='1298824632828' resUri='platform:/resource/ovinger/jex/ov5.jex' fragmentId='//@requirements.2/@requirements.0/@requirements.5' key='junit test launch' value='testIsAncestorOf'/>
<eObjectEntry  timestamp='1298824636578' resUri='platform:/resource/ovinger/jex/ov5.jex' fragmentId='//@requirements.2/@requirements.0/@requirements.5' key='test run status' value='false'/>
<eObjectEntry  timestamp='1298824638716' resUri='platform:/resource/ovinger/jex/ov5.jex' fragmentId='//@requirements.2/@requirements.0/@requirements.5' key='junit test launch' value='testIsAncestorOf'/>
<eObjectEntry  timestamp='1298824640143' resUri='platform:/resource/ovinger/jex/ov5.jex' fragmentId='//@requirements.2/@requirements.0/@requirements.5' key='test run status' value='false'/>
<eObjectEntry  timestamp='1298824642006' resUri='platform:/resource/ovinger/jex/ov5.jex' fragmentId='//@requirements.2/@requirements.0/@requirements.5' key='junit test launch' value='testIsAncestorOf'/>
<eObjectEntry  timestamp='1298824644195' resUri='platform:/resource/ovinger/jex/ov5.jex' fragmentId='//@requirements.2/@requirements.0/@requirements.5' key='test run status' value='false'/>
<eObjectEntry  timestamp='1298824646240' resUri='platform:/resource/ovinger/jex/ov5.jex' fragmentId='//@requirements.2/@requirements.0/@requirements.5' key='junit test launch' value='testIsAncestorOf'/>
<eObjectEntry  timestamp='1298824648432' resUri='platform:/resource/ovinger/jex/ov5.jex' fragmentId='//@requirements.2/@requirements.0/@requirements.5' key='test run status' value='false'/>
<eObjectEntry  timestamp='1298824650928' resUri='platform:/resource/ovinger/jex/ov5.jex' fragmentId='//@requirements.2/@requirements.0/@requirements.5' key='junit test launch' value='testIsAncestorOf'/>
<eObjectEntry  timestamp='1298824653036' resUri='platform:/resource/ovinger/jex/ov5.jex' fragmentId='//@requirements.2/@requirements.0/@requirements.5' key='test run status' value='false'/>
<eObjectEntry  timestamp='1298824876718' resUri='platform:/resource/ovinger/jex/ov5.jex' fragmentId='//@requirements.2/@requirements.0/@requirements.5' key='junit test launch' value='testIsAncestorOf'/>
<eObjectEntry  timestamp='1298824880489' resUri='platform:/resource/ovinger/jex/ov5.jex' fragmentId='//@requirements.2/@requirements.0/@requirements.5' key='test run status' value='false'/>
<eObjectEntry  timestamp='1298824887740' resUri='platform:/resource/ovinger/jex/ov5.jex' fragmentId='//@requirements.2/@requirements.0/@requirements.5' key='junit test launch' value='testIsAncestorOf'/>
<eObjectEntry  timestamp='1298824889725' resUri='platform:/resource/ovinger/jex/ov5.jex' fragmentId='//@requirements.2/@requirements.0/@requirements.5' key='test run status' value='false'/>
<eObjectEntry  timestamp='1298825864149' resUri='platform:/resource/ovinger/jex/ov5.jex' fragmentId='//@requirements.3/@requirements.0/@requirements.4' key='junit test launch' value='testCard'/>
<eObjectEntry  timestamp='1298825868859' resUri='platform:/resource/ovinger/jex/ov5.jex' fragmentId='//@requirements.3/@requirements.0/@requirements.4' key='test run status' value='true'/>
<eObjectEntry  timestamp='1298825870108' resUri='platform:/resource/ovinger/jex/ov5.jex' fragmentId='//@requirements.3/@requirements.0/@requirements.5' key='junit test launch' value='testToString'/>
<eObjectEntry  timestamp='1298825872785' resUri='platform:/resource/ovinger/jex/ov5.jex' fragmentId='//@requirements.3/@requirements.0/@requirements.5' key='test run status' value='true'/>
<eObjectEntry  timestamp='1298827143698' resUri='platform:/resource/ovinger/jex/ov5.jex' fragmentId='//@requirements.3/@requirements.1/@requirements.3' key='junit test launch' value='testCardDeck'/>
<eObjectEntry  timestamp='1298827148009' resUri='platform:/resource/ovinger/jex/ov5.jex' fragmentId='//@requirements.3/@requirements.1/@requirements.3' key='test run status' value='false'/>
<eObjectEntry  timestamp='1298827149711' resUri='platform:/resource/ovinger/jex/ov5.jex' fragmentId='//@requirements.3/@requirements.1/@requirements.4' key='junit test launch' value='testGetCard'/>
<eObjectEntry  timestamp='1298827151471' resUri='platform:/resource/ovinger/jex/ov5.jex' fragmentId='//@requirements.3/@requirements.1/@requirements.4' key='test run status' value='false'/>
<eObjectEntry  timestamp='1298827154367' resUri='platform:/resource/ovinger/jex/ov5.jex' fragmentId='//@requirements.3/@requirements.1/@requirements.3' key='junit test launch' value='testCardDeck'/>
<eObjectEntry  timestamp='1298827156256' resUri='platform:/resource/ovinger/jex/ov5.jex' fragmentId='//@requirements.3/@requirements.1/@requirements.3' key='test run status' value='false'/>
<eObjectEntry  timestamp='1298827537313' resUri='platform:/resource/ovinger/jex/ov5.jex' fragmentId='//@requirements.3/@requirements.1/@requirements.3' key='junit test launch' value='testCardDeck'/>
<eObjectEntry  timestamp='1298827542933' resUri='platform:/resource/ovinger/jex/ov5.jex' fragmentId='//@requirements.3/@requirements.1/@requirements.3' key='test run status' value='false'/>
<eObjectEntry  timestamp='1298827547640' resUri='platform:/resource/ovinger/jex/ov5.jex' fragmentId='//@requirements.3/@requirements.1/@requirements.3' key='junit test launch' value='testCardDeck'/>
<eObjectEntry  timestamp='1298827551313' resUri='platform:/resource/ovinger/jex/ov5.jex' fragmentId='//@requirements.3/@requirements.1/@requirements.3' key='test run status' value='false'/>
<eObjectEntry  timestamp='1298827554968' resUri='platform:/resource/ovinger/jex/ov5.jex' fragmentId='//@requirements.3/@requirements.1/@requirements.3' key='junit test launch' value='testCardDeck'/>
<eObjectEntry  timestamp='1298827556908' resUri='platform:/resource/ovinger/jex/ov5.jex' fragmentId='//@requirements.3/@requirements.1/@requirements.3' key='test run status' value='false'/>
<eObjectEntry  timestamp='1298832113474' resUri='platform:/resource/ovinger/jex/ov5.jex' fragmentId='//@requirements.3/@requirements.1/@requirements.3' key='junit test launch' value='testCardDeck'/>
<eObjectEntry  timestamp='1298832117872' resUri='platform:/resource/ovinger/jex/ov5.jex' fragmentId='//@requirements.3/@requirements.1/@requirements.3' key='test run status' value='false'/>
<eObjectEntry  timestamp='1298832185537' resUri='platform:/resource/ovinger/jex/ov5.jex' fragmentId='//@requirements.3/@requirements.1/@requirements.3' key='junit test launch' value='testCardDeck'/>
<eObjectEntry  timestamp='1298832188920' resUri='platform:/resource/ovinger/jex/ov5.jex' fragmentId='//@requirements.3/@requirements.1/@requirements.3' key='test run status' value='false'/>
<eObjectEntry  timestamp='1298832192678' resUri='platform:/resource/ovinger/jex/ov5.jex' fragmentId='//@requirements.3/@requirements.1/@requirements.3' key='junit test launch' value='testCardDeck'/>
<eObjectEntry  timestamp='1298832194166' resUri='platform:/resource/ovinger/jex/ov5.jex' fragmentId='//@requirements.3/@requirements.1/@requirements.3' key='test run status' value='false'/>
<eObjectEntry  timestamp='1298832197317' resUri='platform:/resource/ovinger/jex/ov5.jex' fragmentId='//@requirements.3/@requirements.1/@requirements.3' key='junit test launch' value='testCardDeck'/>
<eObjectEntry  timestamp='1298832198760' resUri='platform:/resource/ovinger/jex/ov5.jex' fragmentId='//@requirements.3/@requirements.1/@requirements.3' key='test run status' value='false'/>
<eObjectEntry  timestamp='1298832200392' resUri='platform:/resource/ovinger/jex/ov5.jex' fragmentId='//@requirements.3/@requirements.1/@requirements.3' key='junit test launch' value='testCardDeck'/>
<eObjectEntry  timestamp='1298832202182' resUri='platform:/resource/ovinger/jex/ov5.jex' fragmentId='//@requirements.3/@requirements.1/@requirements.3' key='test run status' value='false'/>
<eObjectEntry  timestamp='1298833462793' resUri='platform:/resource/ovinger/jex/ov5.jex' fragmentId='//@requirements.3/@requirements.1/@requirements.3' key='junit test launch' value='testCardDeck'/>
<eObjectEntry  timestamp='1298833467709' resUri='platform:/resource/ovinger/jex/ov5.jex' fragmentId='//@requirements.3/@requirements.1/@requirements.3' key='test run status' value='false'/>
<eObjectEntry  timestamp='1298833532862' resUri='platform:/resource/ovinger/jex/ov5.jex' fragmentId='//@requirements.3/@requirements.1/@requirements.3' key='junit test launch' value='testCardDeck'/>
<eObjectEntry  timestamp='1298833536819' resUri='platform:/resource/ovinger/jex/ov5.jex' fragmentId='//@requirements.3/@requirements.1/@requirements.3' key='test run status' value='true'/>
<eObjectEntry  timestamp='1298833538281' resUri='platform:/resource/ovinger/jex/ov5.jex' fragmentId='//@requirements.3/@requirements.1/@requirements.4' key='junit test launch' value='testGetCard'/>
<eObjectEntry  timestamp='1298833540321' resUri='platform:/resource/ovinger/jex/ov5.jex' fragmentId='//@requirements.3/@requirements.1/@requirements.4' key='test run status' value='true'/>
<eObjectEntry  timestamp='1298834286204' resUri='platform:/resource/ovinger/jex/ov5.jex' fragmentId='//@requirements.3/@requirements.1/@requirements.6' key='junit test launch' value='testDeal'/>
<eObjectEntry  timestamp='1298834290273' resUri='platform:/resource/ovinger/jex/ov5.jex' fragmentId='//@requirements.3/@requirements.1/@requirements.6' key='test run status' value='false'/>
<eObjectEntry  timestamp='1298834294679' resUri='platform:/resource/ovinger/jex/ov5.jex' fragmentId='//@requirements.3/@requirements.1/@requirements.6' key='junit test launch' value='testDeal'/>
<eObjectEntry  timestamp='1298834296137' resUri='platform:/resource/ovinger/jex/ov5.jex' fragmentId='//@requirements.3/@requirements.1/@requirements.6' key='test run status' value='false'/>
<eObjectEntry  timestamp='1298834298276' resUri='platform:/resource/ovinger/jex/ov5.jex' fragmentId='//@requirements.3/@requirements.1/@requirements.6' key='junit test launch' value='testDeal'/>
<eObjectEntry  timestamp='1298834300135' resUri='platform:/resource/ovinger/jex/ov5.jex' fragmentId='//@requirements.3/@requirements.1/@requirements.6' key='test run status' value='false'/>
<eObjectEntry  timestamp='1298834303765' resUri='platform:/resource/ovinger/jex/ov5.jex' fragmentId='//@requirements.3/@requirements.1/@requirements.6' key='junit test launch' value='testDeal'/>
<eObjectEntry  timestamp='1298834305224' resUri='platform:/resource/ovinger/jex/ov5.jex' fragmentId='//@requirements.3/@requirements.1/@requirements.6' key='test run status' value='false'/>
<eObjectEntry  timestamp='1298834309295' resUri='platform:/resource/ovinger/jex/ov5.jex' fragmentId='//@requirements.3/@requirements.1/@requirements.6' key='junit test launch' value='testDeal'/>
<eObjectEntry  timestamp='1298834310738' resUri='platform:/resource/ovinger/jex/ov5.jex' fragmentId='//@requirements.3/@requirements.1/@requirements.6' key='test run status' value='false'/>
<eObjectEntry  timestamp='1298834348271' resUri='platform:/resource/ovinger/jex/ov5.jex' fragmentId='//@requirements.3/@requirements.1/@requirements.6' key='junit test launch' value='testDeal'/>
<eObjectEntry  timestamp='1298834349794' resUri='platform:/resource/ovinger/jex/ov5.jex' fragmentId='//@requirements.3/@requirements.1/@requirements.6' key='test run status' value='false'/>
<eObjectEntry  timestamp='1298834353276' resUri='platform:/resource/ovinger/jex/ov5.jex' fragmentId='//@requirements.3/@requirements.1/@requirements.6' key='junit test launch' value='testDeal'/>
<eObjectEntry  timestamp='1298834354703' resUri='platform:/resource/ovinger/jex/ov5.jex' fragmentId='//@requirements.3/@requirements.1/@requirements.6' key='test run status' value='false'/>
<eObjectEntry  timestamp='1298834370741' resUri='platform:/resource/ovinger/jex/ov5.jex' fragmentId='//@requirements.3/@requirements.1/@requirements.6' key='junit test launch' value='testDeal'/>
<eObjectEntry  timestamp='1298834374338' resUri='platform:/resource/ovinger/jex/ov5.jex' fragmentId='//@requirements.3/@requirements.1/@requirements.6' key='test run status' value='false'/>
<eObjectEntry  timestamp='1298834376902' resUri='platform:/resource/ovinger/jex/ov5.jex' fragmentId='//@requirements.3/@requirements.1/@requirements.6' key='junit test launch' value='testDeal'/>
<eObjectEntry  timestamp='1298834378784' resUri='platform:/resource/ovinger/jex/ov5.jex' fragmentId='//@requirements.3/@requirements.1/@requirements.6' key='test run status' value='false'/>
<eObjectEntry  timestamp='1298834710842' resUri='platform:/resource/ovinger/jex/ov5.jex' fragmentId='//@requirements.3/@requirements.1/@requirements.6' key='junit test launch' value='testDeal'/>
<eObjectEntry  timestamp='1298834714704' resUri='platform:/resource/ovinger/jex/ov5.jex' fragmentId='//@requirements.3/@requirements.1/@requirements.6' key='test run status' value='false'/>
<eObjectEntry  timestamp='1298834717480' resUri='platform:/resource/ovinger/jex/ov5.jex' fragmentId='//@requirements.3/@requirements.1/@requirements.6' key='junit test launch' value='testDeal'/>
<eObjectEntry  timestamp='1298834718558' resUri='platform:/resource/ovinger/jex/ov5.jex' fragmentId='//@requirements.3/@requirements.1/@requirements.6' key='test run status' value='false'/>
<eObjectEntry  timestamp='1298834721426' resUri='platform:/resource/ovinger/jex/ov5.jex' fragmentId='//@requirements.3/@requirements.1/@requirements.6' key='junit test launch' value='testDeal'/>
<eObjectEntry  timestamp='1298834722887' resUri='platform:/resource/ovinger/jex/ov5.jex' fragmentId='//@requirements.3/@requirements.1/@requirements.6' key='test run status' value='false'/>
<eObjectEntry  timestamp='1298835121975' resUri='platform:/resource/ovinger/jex/ov5.jex' fragmentId='//@requirements.3/@requirements.1/@requirements.6' key='junit test launch' value='testDeal'/>
<eObjectEntry  timestamp='1298835125650' resUri='platform:/resource/ovinger/jex/ov5.jex' fragmentId='//@requirements.3/@requirements.1/@requirements.6' key='test run status' value='false'/>
<eObjectEntry  timestamp='1298835267473' resUri='platform:/resource/ovinger/jex/ov5.jex' fragmentId='//@requirements.3/@requirements.1/@requirements.6' key='junit test launch' value='testDeal'/>
<eObjectEntry  timestamp='1298835270880' resUri='platform:/resource/ovinger/jex/ov5.jex' fragmentId='//@requirements.3/@requirements.1/@requirements.6' key='test run status' value='true'/>
<eResourceEntry  timestamp='1299066271550' resUri='platform:/resource/ovinger/jex/ov5.jex' key='resource selected' value='null'/>
<eResourceEntry  timestamp='1299533570314' resUri='platform:/resource/ovinger/jex/ov5.jex' key='resource selected' value='null'/>
