<eResourceEntry  timestamp='1299065909883' resUri='platform:/resource/ovinger/jex/ov6.jex' key='resource selected' value='null'/>
<eResourceEntry  timestamp='1299066273196' resUri='platform:/resource/ovinger/jex/ov6.jex' key='resource selected' value='null'/>
<eObjectEntry  timestamp='1299068030612' resUri='platform:/resource/ovinger/jex/ov6.jex' fragmentId='//@requirements.0/@requirements.1' key='junit test launch' value='CardTest'/>
<eObjectEntry  timestamp='1299068036382' resUri='platform:/resource/ovinger/jex/ov6.jex' fragmentId='//@requirements.0/@requirements.1' key='test run status' value='false'/>
<eObjectEntry  timestamp='1299068036406' resUri='platform:/resource/ovinger/jex/ov6.jex' fragmentId='//@requirements.0/@requirements.1/@requirements.0' key='test run status' value='true'/>
<eObjectEntry  timestamp='1299068036514' resUri='platform:/resource/ovinger/jex/ov6.jex' fragmentId='//@requirements.0/@requirements.1/@requirements.1' key='test run status' value='true'/>
<eObjectEntry  timestamp='1299068036521' resUri='platform:/resource/ovinger/jex/ov6.jex' fragmentId='//@requirements.0/@requirements.1/@requirements.2' key='test run status' value='true'/>
<eObjectEntry  timestamp='1299068036540' resUri='platform:/resource/ovinger/jex/ov6.jex' fragmentId='//@requirements.0/@requirements.1/@requirements.3' key='test run status' value='false'/>
<eObjectEntry  timestamp='1299068122163' resUri='platform:/resource/ovinger/jex/ov6.jex' fragmentId='//@requirements.0/@requirements.1' key='junit test launch' value='CardTest'/>
<eObjectEntry  timestamp='1299068124168' resUri='platform:/resource/ovinger/jex/ov6.jex' fragmentId='//@requirements.0/@requirements.1' key='test run status' value='false'/>
<eObjectEntry  timestamp='1299068124170' resUri='platform:/resource/ovinger/jex/ov6.jex' fragmentId='//@requirements.0/@requirements.1/@requirements.0' key='test run status' value='true'/>
<eObjectEntry  timestamp='1299068124174' resUri='platform:/resource/ovinger/jex/ov6.jex' fragmentId='//@requirements.0/@requirements.1/@requirements.1' key='test run status' value='true'/>
<eObjectEntry  timestamp='1299068124178' resUri='platform:/resource/ovinger/jex/ov6.jex' fragmentId='//@requirements.0/@requirements.1/@requirements.2' key='test run status' value='true'/>
<eObjectEntry  timestamp='1299068124180' resUri='platform:/resource/ovinger/jex/ov6.jex' fragmentId='//@requirements.0/@requirements.1/@requirements.3' key='test run status' value='false'/>
<eObjectEntry  timestamp='1299068127301' resUri='platform:/resource/ovinger/jex/ov6.jex' fragmentId='//@requirements.0/@requirements.1/@requirements.0' key='junit test launch' value='testConstructor'/>
<eObjectEntry  timestamp='1299068129366' resUri='platform:/resource/ovinger/jex/ov6.jex' fragmentId='//@requirements.0/@requirements.1/@requirements.0' key='test run status' value='true'/>
<eObjectEntry  timestamp='1299068130121' resUri='platform:/resource/ovinger/jex/ov6.jex' fragmentId='//@requirements.0/@requirements.1/@requirements.1' key='junit test launch' value='testGetFace'/>
<eObjectEntry  timestamp='1299068132654' resUri='platform:/resource/ovinger/jex/ov6.jex' fragmentId='//@requirements.0/@requirements.1/@requirements.1' key='test run status' value='true'/>
<eObjectEntry  timestamp='1299068133219' resUri='platform:/resource/ovinger/jex/ov6.jex' fragmentId='//@requirements.0/@requirements.1/@requirements.2' key='junit test launch' value='testGetSuit'/>
<eObjectEntry  timestamp='1299068135601' resUri='platform:/resource/ovinger/jex/ov6.jex' fragmentId='//@requirements.0/@requirements.1/@requirements.2' key='test run status' value='true'/>
<eObjectEntry  timestamp='1299069214479' resUri='platform:/resource/ovinger/jex/ov6.jex' fragmentId='//@requirements.0/@requirements.1/@requirements.3' key='junit test launch' value='testCompareTo'/>
<eObjectEntry  timestamp='1299069220427' resUri='platform:/resource/ovinger/jex/ov6.jex' fragmentId='//@requirements.0/@requirements.1' key='test run status' value='false'/>
<eObjectEntry  timestamp='1299069220435' resUri='platform:/resource/ovinger/jex/ov6.jex' fragmentId='//@requirements.0/@requirements.1/@requirements.3' key='test run status' value='false'/>
<eObjectEntry  timestamp='1299069248336' resUri='platform:/resource/ovinger/jex/ov6.jex' fragmentId='//@requirements.0/@requirements.1/@requirements.3' key='junit test launch' value='testCompareTo'/>
<eObjectEntry  timestamp='1299069252021' resUri='platform:/resource/ovinger/jex/ov6.jex' fragmentId='//@requirements.0/@requirements.1' key='test run status' value='false'/>
<eObjectEntry  timestamp='1299069252025' resUri='platform:/resource/ovinger/jex/ov6.jex' fragmentId='//@requirements.0/@requirements.1/@requirements.3' key='test run status' value='false'/>
<eObjectEntry  timestamp='1299069376146' resUri='platform:/resource/ovinger/jex/ov6.jex' fragmentId='//@requirements.0/@requirements.1/@requirements.3' key='junit test launch' value='testCompareTo'/>
<eObjectEntry  timestamp='1299069380114' resUri='platform:/resource/ovinger/jex/ov6.jex' fragmentId='//@requirements.0/@requirements.1' key='test run status' value='false'/>
<eObjectEntry  timestamp='1299069380118' resUri='platform:/resource/ovinger/jex/ov6.jex' fragmentId='//@requirements.0/@requirements.1/@requirements.3' key='test run status' value='false'/>
<eObjectEntry  timestamp='1299069417402' resUri='platform:/resource/ovinger/jex/ov6.jex' fragmentId='//@requirements.0/@requirements.1/@requirements.3' key='junit test launch' value='testCompareTo'/>
<eObjectEntry  timestamp='1299069420989' resUri='platform:/resource/ovinger/jex/ov6.jex' fragmentId='//@requirements.0/@requirements.1' key='test run status' value='false'/>
<eObjectEntry  timestamp='1299069420995' resUri='platform:/resource/ovinger/jex/ov6.jex' fragmentId='//@requirements.0/@requirements.1/@requirements.3' key='test run status' value='false'/>
<eObjectEntry  timestamp='1299069491022' resUri='platform:/resource/ovinger/jex/ov6.jex' fragmentId='//@requirements.0/@requirements.1/@requirements.3' key='junit test launch' value='testCompareTo'/>
<eObjectEntry  timestamp='1299069494873' resUri='platform:/resource/ovinger/jex/ov6.jex' fragmentId='//@requirements.0/@requirements.1' key='test run status' value='false'/>
<eObjectEntry  timestamp='1299069494877' resUri='platform:/resource/ovinger/jex/ov6.jex' fragmentId='//@requirements.0/@requirements.1/@requirements.3' key='test run status' value='false'/>
<eObjectEntry  timestamp='1299069681745' resUri='platform:/resource/ovinger/jex/ov6.jex' fragmentId='//@requirements.0/@requirements.1/@requirements.3' key='junit test launch' value='testCompareTo'/>
<eObjectEntry  timestamp='1299069686131' resUri='platform:/resource/ovinger/jex/ov6.jex' fragmentId='//@requirements.0/@requirements.1' key='test run status' value='false'/>
<eObjectEntry  timestamp='1299069686136' resUri='platform:/resource/ovinger/jex/ov6.jex' fragmentId='//@requirements.0/@requirements.1/@requirements.3' key='test run status' value='false'/>
<eObjectEntry  timestamp='1299069786661' resUri='platform:/resource/ovinger/jex/ov6.jex' fragmentId='//@requirements.0/@requirements.1/@requirements.3' key='junit test launch' value='testCompareTo'/>
<eObjectEntry  timestamp='1299069790141' resUri='platform:/resource/ovinger/jex/ov6.jex' fragmentId='//@requirements.0/@requirements.1' key='test run status' value='false'/>
<eObjectEntry  timestamp='1299069790145' resUri='platform:/resource/ovinger/jex/ov6.jex' fragmentId='//@requirements.0/@requirements.1/@requirements.3' key='test run status' value='false'/>
<eObjectEntry  timestamp='1299070044509' resUri='platform:/resource/ovinger/jex/ov6.jex' fragmentId='//@requirements.0/@requirements.1/@requirements.3' key='junit test launch' value='testCompareTo'/>
<eObjectEntry  timestamp='1299070048521' resUri='platform:/resource/ovinger/jex/ov6.jex' fragmentId='//@requirements.0/@requirements.1' key='test run status' value='false'/>
<eObjectEntry  timestamp='1299070048526' resUri='platform:/resource/ovinger/jex/ov6.jex' fragmentId='//@requirements.0/@requirements.1/@requirements.3' key='test run status' value='false'/>
<eObjectEntry  timestamp='1299070068064' resUri='platform:/resource/ovinger/jex/ov6.jex' fragmentId='//@requirements.0/@requirements.1/@requirements.3' key='junit test launch' value='testCompareTo'/>
<eObjectEntry  timestamp='1299070072122' resUri='platform:/resource/ovinger/jex/ov6.jex' fragmentId='//@requirements.0/@requirements.1' key='test run status' value='false'/>
<eObjectEntry  timestamp='1299070072127' resUri='platform:/resource/ovinger/jex/ov6.jex' fragmentId='//@requirements.0/@requirements.1/@requirements.3' key='test run status' value='false'/>
<eObjectEntry  timestamp='1299070176626' resUri='platform:/resource/ovinger/jex/ov6.jex' fragmentId='//@requirements.0/@requirements.1/@requirements.3' key='junit test launch' value='testCompareTo'/>
<eObjectEntry  timestamp='1299070180285' resUri='platform:/resource/ovinger/jex/ov6.jex' fragmentId='//@requirements.0/@requirements.1' key='test run status' value='false'/>
<eObjectEntry  timestamp='1299070180346' resUri='platform:/resource/ovinger/jex/ov6.jex' fragmentId='//@requirements.0/@requirements.1/@requirements.3' key='test run status' value='false'/>
<eObjectEntry  timestamp='1299070190055' resUri='platform:/resource/ovinger/jex/ov6.jex' fragmentId='//@requirements.0/@requirements.1/@requirements.3' key='junit test launch' value='testCompareTo'/>
<eObjectEntry  timestamp='1299070193566' resUri='platform:/resource/ovinger/jex/ov6.jex' fragmentId='//@requirements.0/@requirements.1' key='test run status' value='false'/>
<eObjectEntry  timestamp='1299070193588' resUri='platform:/resource/ovinger/jex/ov6.jex' fragmentId='//@requirements.0/@requirements.1/@requirements.3' key='test run status' value='false'/>
<eObjectEntry  timestamp='1299070365408' resUri='platform:/resource/ovinger/jex/ov6.jex' fragmentId='//@requirements.0/@requirements.1/@requirements.3' key='junit test launch' value='testCompareTo'/>
<eObjectEntry  timestamp='1299070369552' resUri='platform:/resource/ovinger/jex/ov6.jex' fragmentId='//@requirements.0/@requirements.1' key='test run status' value='false'/>
<eObjectEntry  timestamp='1299070369556' resUri='platform:/resource/ovinger/jex/ov6.jex' fragmentId='//@requirements.0/@requirements.1/@requirements.3' key='test run status' value='false'/>
<eObjectEntry  timestamp='1299070432570' resUri='platform:/resource/ovinger/jex/ov6.jex' fragmentId='//@requirements.0/@requirements.1/@requirements.3' key='junit test launch' value='testCompareTo'/>
<eObjectEntry  timestamp='1299070434511' resUri='platform:/resource/ovinger/jex/ov6.jex' fragmentId='//@requirements.0/@requirements.1' key='test run status' value='false'/>
<eObjectEntry  timestamp='1299070434516' resUri='platform:/resource/ovinger/jex/ov6.jex' fragmentId='//@requirements.0/@requirements.1/@requirements.3' key='test run status' value='false'/>
<eObjectEntry  timestamp='1299070468740' resUri='platform:/resource/ovinger/jex/ov6.jex' fragmentId='//@requirements.0/@requirements.1/@requirements.3' key='junit test launch' value='testCompareTo'/>
<eObjectEntry  timestamp='1299070472938' resUri='platform:/resource/ovinger/jex/ov6.jex' fragmentId='//@requirements.0/@requirements.1' key='test run status' value='false'/>
<eObjectEntry  timestamp='1299070472943' resUri='platform:/resource/ovinger/jex/ov6.jex' fragmentId='//@requirements.0/@requirements.1/@requirements.3' key='test run status' value='false'/>
<eObjectEntry  timestamp='1299070490885' resUri='platform:/resource/ovinger/jex/ov6.jex' fragmentId='//@requirements.0/@requirements.1/@requirements.3' key='junit test launch' value='testCompareTo'/>
<eObjectEntry  timestamp='1299070495154' resUri='platform:/resource/ovinger/jex/ov6.jex' fragmentId='//@requirements.0/@requirements.1/@requirements.3' key='test run status' value='true'/>
<eObjectEntry  timestamp='1299070500651' resUri='platform:/resource/ovinger/jex/ov6.jex' fragmentId='//@requirements.0/@requirements.1/@requirements.3' key='junit test launch' value='testCompareTo'/>
<eObjectEntry  timestamp='1299070502463' resUri='platform:/resource/ovinger/jex/ov6.jex' fragmentId='//@requirements.0/@requirements.1/@requirements.3' key='test run status' value='true'/>
<eObjectEntry  timestamp='1299070503279' resUri='platform:/resource/ovinger/jex/ov6.jex' fragmentId='//@requirements.0/@requirements.1' key='junit test launch' value='CardTest'/>
<eObjectEntry  timestamp='1299070505522' resUri='platform:/resource/ovinger/jex/ov6.jex' fragmentId='//@requirements.0/@requirements.1' key='test run status' value='true'/>
<eObjectEntry  timestamp='1299070505702' resUri='platform:/resource/ovinger/jex/ov6.jex' fragmentId='//@requirements.0/@requirements.1/@requirements.0' key='test run status' value='true'/>
<eObjectEntry  timestamp='1299070505705' resUri='platform:/resource/ovinger/jex/ov6.jex' fragmentId='//@requirements.0/@requirements.1/@requirements.1' key='test run status' value='true'/>
<eObjectEntry  timestamp='1299070505708' resUri='platform:/resource/ovinger/jex/ov6.jex' fragmentId='//@requirements.0/@requirements.1/@requirements.2' key='test run status' value='true'/>
<eObjectEntry  timestamp='1299070505712' resUri='platform:/resource/ovinger/jex/ov6.jex' fragmentId='//@requirements.0/@requirements.1/@requirements.3' key='test run status' value='true'/>
<eResourceEntry  timestamp='1299336071585' resUri='platform:/resource/ovinger/jex/ov6.jex' key='resource selected' value='null'/>
<eObjectEntry  timestamp='1299336078774' resUri='platform:/resource/ovinger/jex/ov6.jex' fragmentId='//@requirements.0/@requirements.1' key='junit test launch' value='CardTest'/>
<eObjectEntry  timestamp='1299336083153' resUri='platform:/resource/ovinger/jex/ov6.jex' fragmentId='//@requirements.0/@requirements.1' key='test run status' value='true'/>
<eObjectEntry  timestamp='1299336083180' resUri='platform:/resource/ovinger/jex/ov6.jex' fragmentId='//@requirements.0/@requirements.1/@requirements.0' key='test run status' value='true'/>
<eObjectEntry  timestamp='1299336083190' resUri='platform:/resource/ovinger/jex/ov6.jex' fragmentId='//@requirements.0/@requirements.1/@requirements.1' key='test run status' value='true'/>
<eObjectEntry  timestamp='1299336083269' resUri='platform:/resource/ovinger/jex/ov6.jex' fragmentId='//@requirements.0/@requirements.1/@requirements.2' key='test run status' value='true'/>
<eObjectEntry  timestamp='1299336083272' resUri='platform:/resource/ovinger/jex/ov6.jex' fragmentId='//@requirements.0/@requirements.1/@requirements.3' key='test run status' value='true'/>
<eObjectEntry  timestamp='1299341628335' resUri='platform:/resource/ovinger/jex/ov6.jex' fragmentId='//@requirements.0/@requirements.1/@requirements.3' key='junit test launch' value='testCompareTo'/>
<eObjectEntry  timestamp='1299341631388' resUri='platform:/resource/ovinger/jex/ov6.jex' fragmentId='//@requirements.0/@requirements.1/@requirements.3' key='test run status' value='true'/>
<eObjectEntry  timestamp='1299342990985' resUri='platform:/resource/ovinger/jex/ov6.jex' fragmentId='//@requirements.1/@requirements.2/@requirements.0' key='junit test launch' value='testConstructor'/>
<eObjectEntry  timestamp='1299342995206' resUri='platform:/resource/ovinger/jex/ov6.jex' fragmentId='//@requirements.1/@requirements.2/@requirements.0' key='test run status' value='true'/>
<eObjectEntry  timestamp='1299342997258' resUri='platform:/resource/ovinger/jex/ov6.jex' fragmentId='//@requirements.1/@requirements.2/@requirements.1' key='junit test launch' value='testGetBalance'/>
<eObjectEntry  timestamp='1299342999390' resUri='platform:/resource/ovinger/jex/ov6.jex' fragmentId='//@requirements.1/@requirements.2/@requirements.1' key='test run status' value='true'/>
<eObjectEntry  timestamp='1299343001454' resUri='platform:/resource/ovinger/jex/ov6.jex' fragmentId='//@requirements.1/@requirements.2/@requirements.2' key='junit test launch' value='testGetCredit'/>
<eObjectEntry  timestamp='1299343003585' resUri='platform:/resource/ovinger/jex/ov6.jex' fragmentId='//@requirements.1/@requirements.2/@requirements.2' key='test run status' value='true'/>
<eObjectEntry  timestamp='1299343010895' resUri='platform:/resource/ovinger/jex/ov6.jex' fragmentId='//@requirements.1/@requirements.2/@requirements.3' key='junit test launch' value='testWithdraw'/>
<eObjectEntry  timestamp='1299343013300' resUri='platform:/resource/ovinger/jex/ov6.jex' fragmentId='//@requirements.1/@requirements.2' key='test run status' value='false'/>
<eObjectEntry  timestamp='1299343013313' resUri='platform:/resource/ovinger/jex/ov6.jex' fragmentId='//@requirements.1/@requirements.2/@requirements.3' key='test run status' value='false'/>
<eObjectEntry  timestamp='1299343017612' resUri='platform:/resource/ovinger/jex/ov6.jex' fragmentId='//@requirements.1/@requirements.2/@requirements.4' key='junit test launch' value='testDeposit'/>
<eObjectEntry  timestamp='1299343019604' resUri='platform:/resource/ovinger/jex/ov6.jex' fragmentId='//@requirements.1/@requirements.2/@requirements.4' key='test run status' value='true'/>
<eObjectEntry  timestamp='1299343048306' resUri='platform:/resource/ovinger/jex/ov6.jex' fragmentId='//@requirements.1/@requirements.2/@requirements.3' key='junit test launch' value='testWithdraw'/>
<eObjectEntry  timestamp='1299343050322' resUri='platform:/resource/ovinger/jex/ov6.jex' fragmentId='//@requirements.1/@requirements.2' key='test run status' value='false'/>
<eObjectEntry  timestamp='1299343050344' resUri='platform:/resource/ovinger/jex/ov6.jex' fragmentId='//@requirements.1/@requirements.2/@requirements.3' key='test run status' value='false'/>
<eObjectEntry  timestamp='1299343113065' resUri='platform:/resource/ovinger/jex/ov6.jex' fragmentId='//@requirements.1/@requirements.2/@requirements.3' key='junit test launch' value='testWithdraw'/>
<eObjectEntry  timestamp='1299343116098' resUri='platform:/resource/ovinger/jex/ov6.jex' fragmentId='//@requirements.1/@requirements.2' key='test run status' value='false'/>
<eObjectEntry  timestamp='1299343116136' resUri='platform:/resource/ovinger/jex/ov6.jex' fragmentId='//@requirements.1/@requirements.2/@requirements.3' key='test run status' value='false'/>
<eObjectEntry  timestamp='1299343184270' resUri='platform:/resource/ovinger/jex/ov6.jex' fragmentId='//@requirements.1/@requirements.2/@requirements.3' key='junit test launch' value='testWithdraw'/>
<eObjectEntry  timestamp='1299343186415' resUri='platform:/resource/ovinger/jex/ov6.jex' fragmentId='//@requirements.1/@requirements.2/@requirements.3' key='test run status' value='true'/>
<eObjectEntry  timestamp='1299343192660' resUri='platform:/resource/ovinger/jex/ov6.jex' fragmentId='//@requirements.1/@requirements.2' key='junit test launch' value='SavingsAccountTest'/>
<eObjectEntry  timestamp='1299343193831' resUri='platform:/resource/ovinger/jex/ov6.jex' fragmentId='//@requirements.1/@requirements.2' key='junit test launch' value='SavingsAccountTest'/>
<eObjectEntry  timestamp='1299343194582' resUri='platform:/resource/ovinger/jex/ov6.jex' fragmentId='//@requirements.1/@requirements.2' key='test run status' value='true'/>
<eObjectEntry  timestamp='1299343194696' resUri='platform:/resource/ovinger/jex/ov6.jex' fragmentId='//@requirements.1/@requirements.2/@requirements.0' key='test run status' value='true'/>
<eObjectEntry  timestamp='1299343194718' resUri='platform:/resource/ovinger/jex/ov6.jex' fragmentId='//@requirements.1/@requirements.2/@requirements.1' key='test run status' value='true'/>
<eObjectEntry  timestamp='1299343194732' resUri='platform:/resource/ovinger/jex/ov6.jex' fragmentId='//@requirements.1/@requirements.2/@requirements.2' key='test run status' value='true'/>
<eObjectEntry  timestamp='1299343194740' resUri='platform:/resource/ovinger/jex/ov6.jex' fragmentId='//@requirements.1/@requirements.2/@requirements.3' key='test run status' value='true'/>
<eObjectEntry  timestamp='1299343194769' resUri='platform:/resource/ovinger/jex/ov6.jex' fragmentId='//@requirements.1/@requirements.2/@requirements.4' key='test run status' value='true'/>
<eObjectEntry  timestamp='1299343198144' resUri='platform:/resource/ovinger/jex/ov6.jex' fragmentId='//@requirements.1/@requirements.2' key='test run status' value='true'/>
<eObjectEntry  timestamp='1299343198177' resUri='platform:/resource/ovinger/jex/ov6.jex' fragmentId='//@requirements.1/@requirements.2/@requirements.0' key='test run status' value='true'/>
<eObjectEntry  timestamp='1299343198291' resUri='platform:/resource/ovinger/jex/ov6.jex' fragmentId='//@requirements.1/@requirements.2/@requirements.1' key='test run status' value='true'/>
<eObjectEntry  timestamp='1299343198320' resUri='platform:/resource/ovinger/jex/ov6.jex' fragmentId='//@requirements.1/@requirements.2/@requirements.2' key='test run status' value='true'/>
<eObjectEntry  timestamp='1299343198325' resUri='platform:/resource/ovinger/jex/ov6.jex' fragmentId='//@requirements.1/@requirements.2/@requirements.3' key='test run status' value='true'/>
<eObjectEntry  timestamp='1299343198337' resUri='platform:/resource/ovinger/jex/ov6.jex' fragmentId='//@requirements.1/@requirements.2/@requirements.4' key='test run status' value='true'/>
<eObjectEntry  timestamp='1299343428475' resUri='platform:/resource/ovinger/jex/ov6.jex' fragmentId='//@requirements.1/@requirements.4/@requirements.0' key='junit test launch' value='testConstructor'/>
<eObjectEntry  timestamp='1299343432825' resUri='platform:/resource/ovinger/jex/ov6.jex' fragmentId='//@requirements.1/@requirements.4' key='test run status' value='false'/>
<eObjectEntry  timestamp='1299343432900' resUri='platform:/resource/ovinger/jex/ov6.jex' fragmentId='//@requirements.1/@requirements.4/@requirements.0' key='test run status' value='false'/>
<eObjectEntry  timestamp='1299343491953' resUri='platform:/resource/ovinger/jex/ov6.jex' fragmentId='//@requirements.1/@requirements.4/@requirements.0' key='junit test launch' value='testConstructor'/>
<eObjectEntry  timestamp='1299343496471' resUri='platform:/resource/ovinger/jex/ov6.jex' fragmentId='//@requirements.1/@requirements.4/@requirements.0' key='test run status' value='true'/>
<eObjectEntry  timestamp='1299343540791' resUri='platform:/resource/ovinger/jex/ov6.jex' fragmentId='//@requirements.1/@requirements.4/@requirements.1' key='junit test launch' value='testGetBalance'/>
<eObjectEntry  timestamp='1299343541986' resUri='platform:/resource/ovinger/jex/ov6.jex' fragmentId='//@requirements.1/@requirements.4' key='test run status' value='false'/>
<eObjectEntry  timestamp='1299343542035' resUri='platform:/resource/ovinger/jex/ov6.jex' fragmentId='//@requirements.1/@requirements.4/@requirements.1' key='test run status' value='false'/>
<eObjectEntry  timestamp='1299343892531' resUri='platform:/resource/ovinger/jex/ov6.jex' fragmentId='//@requirements.1/@requirements.4/@requirements.1' key='junit test launch' value='testGetBalance'/>
<eObjectEntry  timestamp='1299343896086' resUri='platform:/resource/ovinger/jex/ov6.jex' fragmentId='//@requirements.1/@requirements.4' key='test run status' value='false'/>
<eObjectEntry  timestamp='1299343896143' resUri='platform:/resource/ovinger/jex/ov6.jex' fragmentId='//@requirements.1/@requirements.4/@requirements.1' key='test run status' value='false'/>
<eObjectEntry  timestamp='1299344045988' resUri='platform:/resource/ovinger/jex/ov6.jex' fragmentId='//@requirements.1/@requirements.4/@requirements.1' key='junit test launch' value='testGetBalance'/>
<eObjectEntry  timestamp='1299344048889' resUri='platform:/resource/ovinger/jex/ov6.jex' fragmentId='//@requirements.1/@requirements.4/@requirements.1' key='test run status' value='true'/>
<eObjectEntry  timestamp='1299344051533' resUri='platform:/resource/ovinger/jex/ov6.jex' fragmentId='//@requirements.1/@requirements.4/@requirements.2' key='junit test launch' value='testGetCredit'/>
<eObjectEntry  timestamp='1299344053613' resUri='platform:/resource/ovinger/jex/ov6.jex' fragmentId='//@requirements.1/@requirements.4/@requirements.2' key='test run status' value='true'/>
<eObjectEntry  timestamp='1299344054697' resUri='platform:/resource/ovinger/jex/ov6.jex' fragmentId='//@requirements.1/@requirements.4' key='junit test launch' value='CreditAccountTest'/>
<eObjectEntry  timestamp='1299344057049' resUri='platform:/resource/ovinger/jex/ov6.jex' fragmentId='//@requirements.1/@requirements.4' key='test run status' value='false'/>
<eObjectEntry  timestamp='1299344057164' resUri='platform:/resource/ovinger/jex/ov6.jex' fragmentId='//@requirements.1/@requirements.4/@requirements.0' key='test run status' value='true'/>
<eObjectEntry  timestamp='1299344057191' resUri='platform:/resource/ovinger/jex/ov6.jex' fragmentId='//@requirements.1/@requirements.4/@requirements.1' key='test run status' value='true'/>
<eObjectEntry  timestamp='1299344057205' resUri='platform:/resource/ovinger/jex/ov6.jex' fragmentId='//@requirements.1/@requirements.4/@requirements.2' key='test run status' value='true'/>
<eObjectEntry  timestamp='1299344057302' resUri='platform:/resource/ovinger/jex/ov6.jex' fragmentId='//@requirements.1/@requirements.4/@requirements.3' key='test run status' value='false'/>
<eObjectEntry  timestamp='1299344057310' resUri='platform:/resource/ovinger/jex/ov6.jex' fragmentId='//@requirements.1/@requirements.4/@requirements.4' key='test run status' value='true'/>
<eObjectEntry  timestamp='1299344057321' resUri='platform:/resource/ovinger/jex/ov6.jex' fragmentId='//@requirements.1/@requirements.4/@requirements.5' key='test run status' value='true'/>
<eObjectEntry  timestamp='1299344061729' resUri='platform:/resource/ovinger/jex/ov6.jex' fragmentId='//@requirements.1/@requirements.4/@requirements.3' key='junit test launch' value='testWithdraw'/>
<eObjectEntry  timestamp='1299344063779' resUri='platform:/resource/ovinger/jex/ov6.jex' fragmentId='//@requirements.1/@requirements.4' key='test run status' value='false'/>
<eObjectEntry  timestamp='1299344063810' resUri='platform:/resource/ovinger/jex/ov6.jex' fragmentId='//@requirements.1/@requirements.4/@requirements.3' key='test run status' value='false'/>
<eObjectEntry  timestamp='1299344519658' resUri='platform:/resource/ovinger/jex/ov6.jex' fragmentId='//@requirements.1/@requirements.4/@requirements.3' key='junit test launch' value='testWithdraw'/>
<eObjectEntry  timestamp='1299344523187' resUri='platform:/resource/ovinger/jex/ov6.jex' fragmentId='//@requirements.1/@requirements.4/@requirements.3' key='test run status' value='true'/>
<eObjectEntry  timestamp='1299344526346' resUri='platform:/resource/ovinger/jex/ov6.jex' fragmentId='//@requirements.1/@requirements.4' key='junit test launch' value='CreditAccountTest'/>
<eObjectEntry  timestamp='1299344528624' resUri='platform:/resource/ovinger/jex/ov6.jex' fragmentId='//@requirements.1/@requirements.4' key='test run status' value='true'/>
<eObjectEntry  timestamp='1299344528696' resUri='platform:/resource/ovinger/jex/ov6.jex' fragmentId='//@requirements.1/@requirements.4/@requirements.0' key='test run status' value='true'/>
<eObjectEntry  timestamp='1299344528719' resUri='platform:/resource/ovinger/jex/ov6.jex' fragmentId='//@requirements.1/@requirements.4/@requirements.1' key='test run status' value='true'/>
<eObjectEntry  timestamp='1299344528732' resUri='platform:/resource/ovinger/jex/ov6.jex' fragmentId='//@requirements.1/@requirements.4/@requirements.2' key='test run status' value='true'/>
<eObjectEntry  timestamp='1299344528740' resUri='platform:/resource/ovinger/jex/ov6.jex' fragmentId='//@requirements.1/@requirements.4/@requirements.3' key='test run status' value='true'/>
<eObjectEntry  timestamp='1299344528763' resUri='platform:/resource/ovinger/jex/ov6.jex' fragmentId='//@requirements.1/@requirements.4/@requirements.4' key='test run status' value='true'/>
<eObjectEntry  timestamp='1299344528861' resUri='platform:/resource/ovinger/jex/ov6.jex' fragmentId='//@requirements.1/@requirements.4/@requirements.5' key='test run status' value='true'/>
<eObjectEntry  timestamp='1299348447332' resUri='platform:/resource/ovinger/jex/ov6.jex' fragmentId='//@requirements.1/@requirements.6/@requirements.0' key='junit test launch' value='testAddAccount'/>
<eObjectEntry  timestamp='1299348459671' resUri='platform:/resource/ovinger/jex/ov6.jex' fragmentId='//@requirements.1/@requirements.6/@requirements.0' key='junit test launch' value='testAddAccount'/>
<eObjectEntry  timestamp='1299348466225' resUri='platform:/resource/ovinger/jex/ov6.jex' fragmentId='//@requirements.1/@requirements.6/@requirements.0' key='test run status' value='true'/>
<eObjectEntry  timestamp='1299348466253' resUri='platform:/resource/ovinger/jex/ov6.jex' fragmentId='//@requirements.1/@requirements.6/@requirements.0' key='test run status' value='true'/>
<eObjectEntry  timestamp='1299348466566' resUri='platform:/resource/ovinger/jex/ov6.jex' fragmentId='//@requirements.1/@requirements.6/@requirements.1' key='junit test launch' value='testGetTotalBalance'/>
<eObjectEntry  timestamp='1299348469920' resUri='platform:/resource/ovinger/jex/ov6.jex' fragmentId='//@requirements.1/@requirements.6/@requirements.1' key='test run status' value='true'/>
<eObjectEntry  timestamp='1299348477704' resUri='platform:/resource/ovinger/jex/ov6.jex' fragmentId='//@requirements.1/@requirements.6/@requirements.2' key='junit test launch' value='testGetTotalCredit'/>
<eObjectEntry  timestamp='1299348479000' resUri='platform:/resource/ovinger/jex/ov6.jex' fragmentId='//@requirements.1/@requirements.6/@requirements.2' key='test run status' value='true'/>
<eObjectEntry  timestamp='1299348487765' resUri='platform:/resource/ovinger/jex/ov6.jex' fragmentId='//@requirements.1/@requirements.6/@requirements.3' key='junit test launch' value='testGetTotalFees'/>
<eObjectEntry  timestamp='1299348489081' resUri='platform:/resource/ovinger/jex/ov6.jex' fragmentId='//@requirements.1/@requirements.6' key='test run status' value='false'/>
<eObjectEntry  timestamp='1299348489094' resUri='platform:/resource/ovinger/jex/ov6.jex' fragmentId='//@requirements.1/@requirements.6/@requirements.3' key='test run status' value='false'/>
<eObjectEntry  timestamp='1299348491815' resUri='platform:/resource/ovinger/jex/ov6.jex' fragmentId='//@requirements.1/@requirements.6/@requirements.2' key='junit test launch' value='testGetTotalCredit'/>
<eObjectEntry  timestamp='1299348493354' resUri='platform:/resource/ovinger/jex/ov6.jex' fragmentId='//@requirements.1/@requirements.6/@requirements.2' key='test run status' value='true'/>
<eObjectEntry  timestamp='1299504813846' resUri='platform:/resource/ovinger/jex/ov6.jex' fragmentId='//@requirements.1/@requirements.6' key='junit test launch' value='AccountOverviewTest'/>
<eObjectEntry  timestamp='1299504823332' resUri='platform:/resource/ovinger/jex/ov6.jex' fragmentId='//@requirements.1/@requirements.6' key='test run status' value='true'/>
<eObjectEntry  timestamp='1299504823344' resUri='platform:/resource/ovinger/jex/ov6.jex' fragmentId='//@requirements.1/@requirements.6/@requirements.0' key='test run status' value='true'/>
<eObjectEntry  timestamp='1299504823356' resUri='platform:/resource/ovinger/jex/ov6.jex' fragmentId='//@requirements.1/@requirements.6/@requirements.1' key='test run status' value='true'/>
<eObjectEntry  timestamp='1299504823418' resUri='platform:/resource/ovinger/jex/ov6.jex' fragmentId='//@requirements.1/@requirements.6/@requirements.2' key='test run status' value='true'/>
<eObjectEntry  timestamp='1299504823438' resUri='platform:/resource/ovinger/jex/ov6.jex' fragmentId='//@requirements.1/@requirements.6/@requirements.3' key='test run status' value='true'/>
<eObjectEntry  timestamp='1299504921216' resUri='platform:/resource/ovinger/jex/ov6.jex' fragmentId='//@requirements.1/@requirements.6' key='junit test launch' value='AccountOverviewTest'/>
<eObjectEntry  timestamp='1299504922645' resUri='platform:/resource/ovinger/jex/ov6.jex' fragmentId='//@requirements.1/@requirements.6' key='test run status' value='true'/>
<eObjectEntry  timestamp='1299504922657' resUri='platform:/resource/ovinger/jex/ov6.jex' fragmentId='//@requirements.1/@requirements.6/@requirements.0' key='test run status' value='true'/>
<eObjectEntry  timestamp='1299504922709' resUri='platform:/resource/ovinger/jex/ov6.jex' fragmentId='//@requirements.1/@requirements.6/@requirements.1' key='test run status' value='true'/>
<eObjectEntry  timestamp='1299504922812' resUri='platform:/resource/ovinger/jex/ov6.jex' fragmentId='//@requirements.1/@requirements.6/@requirements.2' key='test run status' value='true'/>
<eObjectEntry  timestamp='1299504922857' resUri='platform:/resource/ovinger/jex/ov6.jex' fragmentId='//@requirements.1/@requirements.6/@requirements.3' key='test run status' value='true'/>
<eResourceEntry  timestamp='1299533572684' resUri='platform:/resource/ovinger/jex/ov6.jex' key='resource selected' value='null'/>
<eObjectEntry  timestamp='1299533574592' resUri='platform:/resource/ovinger/jex/ov6.jex' fragmentId='//@javaElements.0/@classes.9' key='junit test launch' value='AllTests'/>
<eObjectEntry  timestamp='1299533577682' resUri='platform:/resource/ovinger/jex/ov6.jex' fragmentId='//@requirements.0/@requirements.1' key='test run status' value='true'/>
<eObjectEntry  timestamp='1299533577694' resUri='platform:/resource/ovinger/jex/ov6.jex' fragmentId='//@requirements.0/@requirements.1/@requirements.0' key='test run status' value='true'/>
<eObjectEntry  timestamp='1299533577701' resUri='platform:/resource/ovinger/jex/ov6.jex' fragmentId='//@requirements.0/@requirements.1/@requirements.1' key='test run status' value='true'/>
<eObjectEntry  timestamp='1299533577718' resUri='platform:/resource/ovinger/jex/ov6.jex' fragmentId='//@requirements.0/@requirements.1/@requirements.2' key='test run status' value='true'/>
<eObjectEntry  timestamp='1299533577727' resUri='platform:/resource/ovinger/jex/ov6.jex' fragmentId='//@requirements.0/@requirements.1/@requirements.3' key='test run status' value='true'/>
<eObjectEntry  timestamp='1299533577805' resUri='platform:/resource/ovinger/jex/ov6.jex' fragmentId='//@requirements.1/@requirements.2' key='test run status' value='true'/>
<eObjectEntry  timestamp='1299533577873' resUri='platform:/resource/ovinger/jex/ov6.jex' fragmentId='//@requirements.1/@requirements.2/@requirements.0' key='test run status' value='true'/>
<eObjectEntry  timestamp='1299533577942' resUri='platform:/resource/ovinger/jex/ov6.jex' fragmentId='//@requirements.1/@requirements.2/@requirements.1' key='test run status' value='true'/>
<eObjectEntry  timestamp='1299533577975' resUri='platform:/resource/ovinger/jex/ov6.jex' fragmentId='//@requirements.1/@requirements.2/@requirements.2' key='test run status' value='true'/>
<eObjectEntry  timestamp='1299533578037' resUri='platform:/resource/ovinger/jex/ov6.jex' fragmentId='//@requirements.1/@requirements.2/@requirements.3' key='test run status' value='true'/>
<eObjectEntry  timestamp='1299533578048' resUri='platform:/resource/ovinger/jex/ov6.jex' fragmentId='//@requirements.1/@requirements.2/@requirements.4' key='test run status' value='true'/>
<eObjectEntry  timestamp='1299533578120' resUri='platform:/resource/ovinger/jex/ov6.jex' fragmentId='//@requirements.1/@requirements.4' key='test run status' value='true'/>
<eObjectEntry  timestamp='1299533578131' resUri='platform:/resource/ovinger/jex/ov6.jex' fragmentId='//@requirements.1/@requirements.4/@requirements.0' key='test run status' value='true'/>
<eObjectEntry  timestamp='1299533578208' resUri='platform:/resource/ovinger/jex/ov6.jex' fragmentId='//@requirements.1/@requirements.4/@requirements.1' key='test run status' value='true'/>
<eObjectEntry  timestamp='1299533578231' resUri='platform:/resource/ovinger/jex/ov6.jex' fragmentId='//@requirements.1/@requirements.4/@requirements.2' key='test run status' value='true'/>
<eObjectEntry  timestamp='1299533578299' resUri='platform:/resource/ovinger/jex/ov6.jex' fragmentId='//@requirements.1/@requirements.4/@requirements.3' key='test run status' value='true'/>
<eObjectEntry  timestamp='1299533578307' resUri='platform:/resource/ovinger/jex/ov6.jex' fragmentId='//@requirements.1/@requirements.4/@requirements.4' key='test run status' value='true'/>
<eObjectEntry  timestamp='1299533578390' resUri='platform:/resource/ovinger/jex/ov6.jex' fragmentId='//@requirements.1/@requirements.4/@requirements.5' key='test run status' value='true'/>
<eObjectEntry  timestamp='1299533578414' resUri='platform:/resource/ovinger/jex/ov6.jex' fragmentId='//@requirements.1/@requirements.6' key='test run status' value='true'/>
<eObjectEntry  timestamp='1299533578490' resUri='platform:/resource/ovinger/jex/ov6.jex' fragmentId='//@requirements.1/@requirements.6/@requirements.0' key='test run status' value='true'/>
<eObjectEntry  timestamp='1299533578501' resUri='platform:/resource/ovinger/jex/ov6.jex' fragmentId='//@requirements.1/@requirements.6/@requirements.1' key='test run status' value='true'/>
<eObjectEntry  timestamp='1299533578521' resUri='platform:/resource/ovinger/jex/ov6.jex' fragmentId='//@requirements.1/@requirements.6/@requirements.2' key='test run status' value='true'/>
<eObjectEntry  timestamp='1299533578596' resUri='platform:/resource/ovinger/jex/ov6.jex' fragmentId='//@requirements.1/@requirements.6/@requirements.3' key='test run status' value='true'/>
