<eResourceEntry  timestamp='1301568819324' resUri='platform:/resource/ovinger/jex/ov9.jex' key='resource selected' value='null'/>
<eObjectEntry  timestamp='1301572466338' resUri='platform:/resource/ovinger/jex/ov9.jex' fragmentId='//@requirements.0/@requirements.1/@requirements.3' key='junit test launch' value='testAddListListener'/>
<eObjectEntry  timestamp='1301572469966' resUri='platform:/resource/ovinger/jex/ov9.jex' fragmentId='//@requirements.0/@requirements.1/@requirements.3' key='test run status' value='false'/>
<eObjectEntry  timestamp='1301572473091' resUri='platform:/resource/ovinger/jex/ov9.jex' fragmentId='//@requirements.0/@requirements.1/@requirements.3' key='junit test launch' value='testAddListListener'/>
<eObjectEntry  timestamp='1301572475043' resUri='platform:/resource/ovinger/jex/ov9.jex' fragmentId='//@requirements.0/@requirements.1/@requirements.3' key='test run status' value='false'/>
<eObjectEntry  timestamp='1301572838032' resUri='platform:/resource/ovinger/jex/ov9.jex' fragmentId='//@requirements.0/@requirements.1/@requirements.4' key='junit test launch' value='testRemoveListListener'/>
<eObjectEntry  timestamp='1301572839152' resUri='platform:/resource/ovinger/jex/ov9.jex' fragmentId='//@requirements.0/@requirements.1/@requirements.4' key='test run status' value='true'/>
<eObjectEntry  timestamp='1301572840870' resUri='platform:/resource/ovinger/jex/ov9.jex' fragmentId='//@requirements.0/@requirements.1/@requirements.5' key='junit test launch' value='testFireListChanged'/>
<eObjectEntry  timestamp='1301572843191' resUri='platform:/resource/ovinger/jex/ov9.jex' fragmentId='//@requirements.0/@requirements.1/@requirements.5' key='test run status' value='true'/>
<eObjectEntry  timestamp='1301572845090' resUri='platform:/resource/ovinger/jex/ov9.jex' fragmentId='//@requirements.0/@requirements.1/@requirements.3' key='junit test launch' value='testAddListListener'/>
<eObjectEntry  timestamp='1301572847617' resUri='platform:/resource/ovinger/jex/ov9.jex' fragmentId='//@requirements.0/@requirements.1/@requirements.3' key='test run status' value='false'/>
<eObjectEntry  timestamp='1301573130898' resUri='platform:/resource/ovinger/jex/ov9.jex' fragmentId='//@requirements.0/@requirements.1/@requirements.3' key='junit test launch' value='testAddListListener'/>
<eObjectEntry  timestamp='1301573132725' resUri='platform:/resource/ovinger/jex/ov9.jex' fragmentId='//@requirements.0/@requirements.1/@requirements.3' key='test run status' value='false'/>
<eObjectEntry  timestamp='1301573153038' resUri='platform:/resource/ovinger/jex/ov9.jex' fragmentId='//@requirements.0/@requirements.1/@requirements.3' key='junit test launch' value='testAddListListener'/>
<eObjectEntry  timestamp='1301573154818' resUri='platform:/resource/ovinger/jex/ov9.jex' fragmentId='//@requirements.0/@requirements.1/@requirements.3' key='test run status' value='false'/>
<eObjectEntry  timestamp='1301573183326' resUri='platform:/resource/ovinger/jex/ov9.jex' fragmentId='//@requirements.0/@requirements.1/@requirements.3' key='junit test launch' value='testAddListListener'/>
<eObjectEntry  timestamp='1301573185616' resUri='platform:/resource/ovinger/jex/ov9.jex' fragmentId='//@requirements.0/@requirements.1/@requirements.3' key='test run status' value='true'/>
<eObjectEntry  timestamp='1301574458100' resUri='platform:/resource/ovinger/jex/ov9.jex' fragmentId='//@requirements.0/@requirements.1/@requirements.8' key='junit test launch' value='testGetList'/>
<eObjectEntry  timestamp='1301574460658' resUri='platform:/resource/ovinger/jex/ov9.jex' fragmentId='//@requirements.0/@requirements.1/@requirements.8' key='test run status' value='true'/>
<eObjectEntry  timestamp='1301574461441' resUri='platform:/resource/ovinger/jex/ov9.jex' fragmentId='//@requirements.0/@requirements.1/@requirements.9' key='junit test launch' value='testSize'/>
<eObjectEntry  timestamp='1301574463460' resUri='platform:/resource/ovinger/jex/ov9.jex' fragmentId='//@requirements.0/@requirements.1/@requirements.9' key='test run status' value='false'/>
<eObjectEntry  timestamp='1301574546582' resUri='platform:/resource/ovinger/jex/ov9.jex' fragmentId='//@requirements.0/@requirements.1/@requirements.9' key='junit test launch' value='testSize'/>
<eObjectEntry  timestamp='1301574550654' resUri='platform:/resource/ovinger/jex/ov9.jex' fragmentId='//@requirements.0/@requirements.1/@requirements.9' key='test run status' value='false'/>
<eObjectEntry  timestamp='1301574561925' resUri='platform:/resource/ovinger/jex/ov9.jex' fragmentId='//@requirements.0/@requirements.1/@requirements.9' key='junit test launch' value='testSize'/>
<eObjectEntry  timestamp='1301574564312' resUri='platform:/resource/ovinger/jex/ov9.jex' fragmentId='//@requirements.0/@requirements.1/@requirements.9' key='test run status' value='false'/>
<eObjectEntry  timestamp='1301574699569' resUri='platform:/resource/ovinger/jex/ov9.jex' fragmentId='//@requirements.0/@requirements.1/@requirements.9' key='junit test launch' value='testSize'/>
<eObjectEntry  timestamp='1301574702764' resUri='platform:/resource/ovinger/jex/ov9.jex' fragmentId='//@requirements.0/@requirements.1/@requirements.9' key='test run status' value='false'/>
<eObjectEntry  timestamp='1301575140617' resUri='platform:/resource/ovinger/jex/ov9.jex' fragmentId='//@requirements.0/@requirements.1/@requirements.9' key='junit test launch' value='testSize'/>
<eObjectEntry  timestamp='1301575144566' resUri='platform:/resource/ovinger/jex/ov9.jex' fragmentId='//@requirements.0/@requirements.1/@requirements.9' key='test run status' value='false'/>
<eObjectEntry  timestamp='1301576651903' resUri='platform:/resource/ovinger/jex/ov9.jex' fragmentId='//@requirements.0/@requirements.1/@requirements.9' key='junit test launch' value='testSize'/>
<eObjectEntry  timestamp='1301576653876' resUri='platform:/resource/ovinger/jex/ov9.jex' fragmentId='//@requirements.0/@requirements.1/@requirements.9' key='test run status' value='false'/>
<eObjectEntry  timestamp='1301576817204' resUri='platform:/resource/ovinger/jex/ov9.jex' fragmentId='//@requirements.0/@requirements.1/@requirements.9' key='junit test launch' value='testSize'/>
<eObjectEntry  timestamp='1301576819164' resUri='platform:/resource/ovinger/jex/ov9.jex' fragmentId='//@requirements.0/@requirements.1/@requirements.9' key='test run status' value='false'/>
<eObjectEntry  timestamp='1301577053808' resUri='platform:/resource/ovinger/jex/ov9.jex' fragmentId='//@requirements.0/@requirements.1/@requirements.9' key='junit test launch' value='testSize'/>
<eObjectEntry  timestamp='1301577057515' resUri='platform:/resource/ovinger/jex/ov9.jex' fragmentId='//@requirements.0/@requirements.1/@requirements.9' key='test run status' value='true'/>
<eObjectEntry  timestamp='1301578018847' resUri='platform:/resource/ovinger/jex/ov9.jex' fragmentId='//@requirements.0/@requirements.1/@requirements.12' key='junit test launch' value='testAddElement'/>
<eObjectEntry  timestamp='1301578020847' resUri='platform:/resource/ovinger/jex/ov9.jex' fragmentId='//@requirements.0/@requirements.1/@requirements.12' key='test run status' value='false'/>
<eObjectEntry  timestamp='1301578313842' resUri='platform:/resource/ovinger/jex/ov9.jex' fragmentId='//@requirements.0/@requirements.1/@requirements.12' key='junit test launch' value='testAddElement'/>
<eObjectEntry  timestamp='1301578315864' resUri='platform:/resource/ovinger/jex/ov9.jex' fragmentId='//@requirements.0/@requirements.1/@requirements.12' key='test run status' value='true'/>
<eObjectEntry  timestamp='1301578411845' resUri='platform:/resource/ovinger/jex/ov9.jex' fragmentId='//@requirements.0/@requirements.1/@requirements.13' key='junit test launch' value='testRemoveElement'/>
<eObjectEntry  timestamp='1301578413798' resUri='platform:/resource/ovinger/jex/ov9.jex' fragmentId='//@requirements.0/@requirements.1/@requirements.13' key='test run status' value='true'/>
<eObjectEntry  timestamp='1301579023742' resUri='platform:/resource/ovinger/jex/ov9.jex' fragmentId='//@requirements.0/@requirements.1/@requirements.12' key='junit test launch' value='testAddElement'/>
<eObjectEntry  timestamp='1301579025830' resUri='platform:/resource/ovinger/jex/ov9.jex' fragmentId='//@requirements.0/@requirements.1/@requirements.12' key='test run status' value='true'/>
<eResourceEntry  timestamp='1301649195354' resUri='platform:/resource/ovinger/jex/ov9.jex' key='resource selected' value='null'/>
<eObjectEntry  timestamp='1301649648987' resUri='platform:/resource/ovinger/jex/ov9.jex' fragmentId='//@javaElements.0/@classes.7' key='junit test launch' value='AllTests'/>
<eObjectEntry  timestamp='1301649654046' resUri='platform:/resource/ovinger/jex/ov9.jex' fragmentId='//@requirements.0/@requirements.1/@requirements.3' key='test run status' value='true'/>
<eObjectEntry  timestamp='1301649654051' resUri='platform:/resource/ovinger/jex/ov9.jex' fragmentId='//@requirements.0/@requirements.1/@requirements.4' key='test run status' value='true'/>
<eObjectEntry  timestamp='1301649654057' resUri='platform:/resource/ovinger/jex/ov9.jex' fragmentId='//@requirements.0/@requirements.1/@requirements.5' key='test run status' value='true'/>
<eObjectEntry  timestamp='1301649654063' resUri='platform:/resource/ovinger/jex/ov9.jex' fragmentId='//@requirements.0/@requirements.1/@requirements.8' key='test run status' value='true'/>
<eObjectEntry  timestamp='1301649654069' resUri='platform:/resource/ovinger/jex/ov9.jex' fragmentId='//@requirements.0/@requirements.1/@requirements.9' key='test run status' value='true'/>
<eObjectEntry  timestamp='1301649654084' resUri='platform:/resource/ovinger/jex/ov9.jex' fragmentId='//@requirements.0/@requirements.1/@requirements.12' key='test run status' value='true'/>
<eObjectEntry  timestamp='1301649654089' resUri='platform:/resource/ovinger/jex/ov9.jex' fragmentId='//@requirements.0/@requirements.1/@requirements.13' key='test run status' value='true'/>
<eObjectEntry  timestamp='1301649654093' resUri='platform:/resource/ovinger/jex/ov9.jex' fragmentId='//@requirements.0/@requirements.2/@requirements.2' key='test run status' value='false'/>
<eObjectEntry  timestamp='1301649654098' resUri='platform:/resource/ovinger/jex/ov9.jex' fragmentId='//@requirements.0/@requirements.2/@requirements.3' key='test run status' value='false'/>
<eObjectEntry  timestamp='1301649654102' resUri='platform:/resource/ovinger/jex/ov9.jex' fragmentId='//@requirements.0/@requirements.2/@requirements.4' key='test run status' value='false'/>
<eObjectEntry  timestamp='1301649654110' resUri='platform:/resource/ovinger/jex/ov9.jex' fragmentId='//@requirements.0/@requirements.2/@requirements.5' key='test run status' value='false'/>
<eObjectEntry  timestamp='1301649654132' resUri='platform:/resource/ovinger/jex/ov9.jex' fragmentId='//@requirements.0/@requirements.2/@requirements.7' key='test run status' value='false'/>
<eObjectEntry  timestamp='1301651857936' resUri='platform:/resource/ovinger/jex/ov9.jex' fragmentId='//@requirements.0/@requirements.2/@requirements.2' key='junit test launch' value='testAddResultOrderedLessThanMaxSize'/>
<eObjectEntry  timestamp='1301651860100' resUri='platform:/resource/ovinger/jex/ov9.jex' fragmentId='//@requirements.0/@requirements.2/@requirements.2' key='test run status' value='false'/>
<eObjectEntry  timestamp='1301651979946' resUri='platform:/resource/ovinger/jex/ov9.jex' fragmentId='//@requirements.0/@requirements.2/@requirements.2' key='junit test launch' value='testAddResultOrderedLessThanMaxSize'/>
<eObjectEntry  timestamp='1301651981244' resUri='platform:/resource/ovinger/jex/ov9.jex' fragmentId='//@requirements.0/@requirements.2/@requirements.2' key='test run status' value='false'/>
<eObjectEntry  timestamp='1301652420938' resUri='platform:/resource/ovinger/jex/ov9.jex' fragmentId='//@requirements.0/@requirements.2/@requirements.2' key='junit test launch' value='testAddResultOrderedLessThanMaxSize'/>
<eObjectEntry  timestamp='1301652422216' resUri='platform:/resource/ovinger/jex/ov9.jex' fragmentId='//@requirements.0/@requirements.2/@requirements.2' key='test run status' value='false'/>
<eObjectEntry  timestamp='1301653092245' resUri='platform:/resource/ovinger/jex/ov9.jex' fragmentId='//@requirements.0/@requirements.2/@requirements.2' key='junit test launch' value='testAddResultOrderedLessThanMaxSize'/>
<eObjectEntry  timestamp='1301653093528' resUri='platform:/resource/ovinger/jex/ov9.jex' fragmentId='//@requirements.0/@requirements.2/@requirements.2' key='test run status' value='false'/>
<eObjectEntry  timestamp='1301653112932' resUri='platform:/resource/ovinger/jex/ov9.jex' fragmentId='//@requirements.0/@requirements.2/@requirements.2' key='junit test launch' value='testAddResultOrderedLessThanMaxSize'/>
<eObjectEntry  timestamp='1301653114161' resUri='platform:/resource/ovinger/jex/ov9.jex' fragmentId='//@requirements.0/@requirements.2/@requirements.2' key='test run status' value='false'/>
<eObjectEntry  timestamp='1301653135010' resUri='platform:/resource/ovinger/jex/ov9.jex' fragmentId='//@requirements.0/@requirements.2/@requirements.2' key='junit test launch' value='testAddResultOrderedLessThanMaxSize'/>
<eObjectEntry  timestamp='1301653136338' resUri='platform:/resource/ovinger/jex/ov9.jex' fragmentId='//@requirements.0/@requirements.2/@requirements.2' key='test run status' value='false'/>
<eObjectEntry  timestamp='1301653151789' resUri='platform:/resource/ovinger/jex/ov9.jex' fragmentId='//@requirements.0/@requirements.2/@requirements.2' key='junit test launch' value='testAddResultOrderedLessThanMaxSize'/>
<eObjectEntry  timestamp='1301653153124' resUri='platform:/resource/ovinger/jex/ov9.jex' fragmentId='//@requirements.0/@requirements.2/@requirements.2' key='test run status' value='false'/>
<eObjectEntry  timestamp='1301653433307' resUri='platform:/resource/ovinger/jex/ov9.jex' fragmentId='//@requirements.0/@requirements.2/@requirements.2' key='junit test launch' value='testAddResultOrderedLessThanMaxSize'/>
<eObjectEntry  timestamp='1301653436515' resUri='platform:/resource/ovinger/jex/ov9.jex' fragmentId='//@requirements.0/@requirements.2/@requirements.2' key='test run status' value='false'/>
<eObjectEntry  timestamp='1301653820790' resUri='platform:/resource/ovinger/jex/ov9.jex' fragmentId='//@requirements.0/@requirements.2/@requirements.2' key='junit test launch' value='testAddResultOrderedLessThanMaxSize'/>
<eObjectEntry  timestamp='1301653822184' resUri='platform:/resource/ovinger/jex/ov9.jex' fragmentId='//@requirements.0/@requirements.2/@requirements.2' key='test run status' value='false'/>
<eObjectEntry  timestamp='1301654226904' resUri='platform:/resource/ovinger/jex/ov9.jex' fragmentId='//@requirements.0/@requirements.2/@requirements.2' key='junit test launch' value='testAddResultOrderedLessThanMaxSize'/>
<eObjectEntry  timestamp='1301654229002' resUri='platform:/resource/ovinger/jex/ov9.jex' fragmentId='//@requirements.0/@requirements.2/@requirements.2' key='test run status' value='false'/>
<eObjectEntry  timestamp='1301654257089' resUri='platform:/resource/ovinger/jex/ov9.jex' fragmentId='//@requirements.0/@requirements.2/@requirements.2' key='junit test launch' value='testAddResultOrderedLessThanMaxSize'/>
<eObjectEntry  timestamp='1301654258377' resUri='platform:/resource/ovinger/jex/ov9.jex' fragmentId='//@requirements.0/@requirements.2/@requirements.2' key='test run status' value='false'/>
<eObjectEntry  timestamp='1301654306488' resUri='platform:/resource/ovinger/jex/ov9.jex' fragmentId='//@requirements.0/@requirements.2/@requirements.2' key='junit test launch' value='testAddResultOrderedLessThanMaxSize'/>
<eObjectEntry  timestamp='1301654307836' resUri='platform:/resource/ovinger/jex/ov9.jex' fragmentId='//@requirements.0/@requirements.2/@requirements.2' key='test run status' value='false'/>
<eObjectEntry  timestamp='1301654440597' resUri='platform:/resource/ovinger/jex/ov9.jex' fragmentId='//@requirements.0/@requirements.2/@requirements.3' key='junit test launch' value='testAddResultReversedLessThanMaxSize'/>
<eObjectEntry  timestamp='1301654441763' resUri='platform:/resource/ovinger/jex/ov9.jex' fragmentId='//@requirements.0/@requirements.2/@requirements.3' key='test run status' value='true'/>
<eObjectEntry  timestamp='1301654451897' resUri='platform:/resource/ovinger/jex/ov9.jex' fragmentId='//@requirements.0/@requirements.2/@requirements.2' key='junit test launch' value='testAddResultOrderedLessThanMaxSize'/>
<eObjectEntry  timestamp='1301654453313' resUri='platform:/resource/ovinger/jex/ov9.jex' fragmentId='//@requirements.0/@requirements.2/@requirements.2' key='test run status' value='false'/>
<eObjectEntry  timestamp='1301654625960' resUri='platform:/resource/ovinger/jex/ov9.jex' fragmentId='//@requirements.0/@requirements.2/@requirements.2' key='junit test launch' value='testAddResultOrderedLessThanMaxSize'/>
<eObjectEntry  timestamp='1301654628861' resUri='platform:/resource/ovinger/jex/ov9.jex' fragmentId='//@requirements.0/@requirements.2/@requirements.2' key='test run status' value='false'/>
<eObjectEntry  timestamp='1301654662854' resUri='platform:/resource/ovinger/jex/ov9.jex' fragmentId='//@requirements.0/@requirements.2/@requirements.2' key='junit test launch' value='testAddResultOrderedLessThanMaxSize'/>
<eObjectEntry  timestamp='1301654665743' resUri='platform:/resource/ovinger/jex/ov9.jex' fragmentId='//@requirements.0/@requirements.2/@requirements.2' key='test run status' value='false'/>
<eObjectEntry  timestamp='1301654738872' resUri='platform:/resource/ovinger/jex/ov9.jex' fragmentId='//@requirements.0/@requirements.2/@requirements.2' key='junit test launch' value='testAddResultOrderedLessThanMaxSize'/>
<eObjectEntry  timestamp='1301654740995' resUri='platform:/resource/ovinger/jex/ov9.jex' fragmentId='//@requirements.0/@requirements.2/@requirements.2' key='test run status' value='false'/>
<eObjectEntry  timestamp='1301654874944' resUri='platform:/resource/ovinger/jex/ov9.jex' fragmentId='//@requirements.0/@requirements.2/@requirements.2' key='junit test launch' value='testAddResultOrderedLessThanMaxSize'/>
<eObjectEntry  timestamp='1301654876262' resUri='platform:/resource/ovinger/jex/ov9.jex' fragmentId='//@requirements.0/@requirements.2/@requirements.2' key='test run status' value='true'/>
<eObjectEntry  timestamp='1301654881302' resUri='platform:/resource/ovinger/jex/ov9.jex' fragmentId='//@requirements.0/@requirements.2/@requirements.3' key='junit test launch' value='testAddResultReversedLessThanMaxSize'/>
<eObjectEntry  timestamp='1301654882716' resUri='platform:/resource/ovinger/jex/ov9.jex' fragmentId='//@requirements.0/@requirements.2/@requirements.3' key='test run status' value='true'/>
<eObjectEntry  timestamp='1301654887518' resUri='platform:/resource/ovinger/jex/ov9.jex' fragmentId='//@requirements.0/@requirements.2/@requirements.4' key='junit test launch' value='testAddResultOrderedMoreThanMaxSize'/>
<eObjectEntry  timestamp='1301654888824' resUri='platform:/resource/ovinger/jex/ov9.jex' fragmentId='//@requirements.0/@requirements.2/@requirements.4' key='test run status' value='true'/>
<eObjectEntry  timestamp='1301654890538' resUri='platform:/resource/ovinger/jex/ov9.jex' fragmentId='//@requirements.0/@requirements.2/@requirements.5' key='junit test launch' value='testAddResultReversedMoreThanMaxSize'/>
<eObjectEntry  timestamp='1301654891943' resUri='platform:/resource/ovinger/jex/ov9.jex' fragmentId='//@requirements.0/@requirements.2/@requirements.5' key='test run status' value='false'/>
<eObjectEntry  timestamp='1301655426689' resUri='platform:/resource/ovinger/jex/ov9.jex' fragmentId='//@requirements.0/@requirements.2/@requirements.5' key='junit test launch' value='testAddResultReversedMoreThanMaxSize'/>
<eObjectEntry  timestamp='1301655428722' resUri='platform:/resource/ovinger/jex/ov9.jex' fragmentId='//@requirements.0/@requirements.2/@requirements.5' key='test run status' value='false'/>
<eObjectEntry  timestamp='1301655466277' resUri='platform:/resource/ovinger/jex/ov9.jex' fragmentId='//@requirements.0/@requirements.2/@requirements.5' key='junit test launch' value='testAddResultReversedMoreThanMaxSize'/>
<eObjectEntry  timestamp='1301655467774' resUri='platform:/resource/ovinger/jex/ov9.jex' fragmentId='//@requirements.0/@requirements.2/@requirements.5' key='test run status' value='false'/>
<eObjectEntry  timestamp='1301655530612' resUri='platform:/resource/ovinger/jex/ov9.jex' fragmentId='//@requirements.0/@requirements.2/@requirements.5' key='junit test launch' value='testAddResultReversedMoreThanMaxSize'/>
<eObjectEntry  timestamp='1301655531925' resUri='platform:/resource/ovinger/jex/ov9.jex' fragmentId='//@requirements.0/@requirements.2/@requirements.5' key='test run status' value='false'/>
<eObjectEntry  timestamp='1301655672444' resUri='platform:/resource/ovinger/jex/ov9.jex' fragmentId='//@requirements.0/@requirements.2/@requirements.5' key='test run status' value='false'/>
<eObjectEntry  timestamp='1301655762657' resUri='platform:/resource/ovinger/jex/ov9.jex' fragmentId='//@requirements.0/@requirements.2/@requirements.2' key='junit test launch' value='testAddResultOrderedLessThanMaxSize'/>
<eObjectEntry  timestamp='1301655763927' resUri='platform:/resource/ovinger/jex/ov9.jex' fragmentId='//@requirements.0/@requirements.2/@requirements.2' key='test run status' value='false'/>
<eObjectEntry  timestamp='1301655767305' resUri='platform:/resource/ovinger/jex/ov9.jex' fragmentId='//@javaElements.0/@classes.7' key='junit test launch' value='AllTests'/>
<eObjectEntry  timestamp='1301655768961' resUri='platform:/resource/ovinger/jex/ov9.jex' fragmentId='//@requirements.0/@requirements.1/@requirements.3' key='test run status' value='true'/>
<eObjectEntry  timestamp='1301655768966' resUri='platform:/resource/ovinger/jex/ov9.jex' fragmentId='//@requirements.0/@requirements.1/@requirements.4' key='test run status' value='true'/>
<eObjectEntry  timestamp='1301655768971' resUri='platform:/resource/ovinger/jex/ov9.jex' fragmentId='//@requirements.0/@requirements.1/@requirements.5' key='test run status' value='true'/>
<eObjectEntry  timestamp='1301655768975' resUri='platform:/resource/ovinger/jex/ov9.jex' fragmentId='//@requirements.0/@requirements.1/@requirements.8' key='test run status' value='true'/>
<eObjectEntry  timestamp='1301655768992' resUri='platform:/resource/ovinger/jex/ov9.jex' fragmentId='//@requirements.0/@requirements.1/@requirements.9' key='test run status' value='true'/>
<eObjectEntry  timestamp='1301655769137' resUri='platform:/resource/ovinger/jex/ov9.jex' fragmentId='//@requirements.0/@requirements.1/@requirements.12' key='test run status' value='true'/>
<eObjectEntry  timestamp='1301655769142' resUri='platform:/resource/ovinger/jex/ov9.jex' fragmentId='//@requirements.0/@requirements.1/@requirements.13' key='test run status' value='true'/>
<eObjectEntry  timestamp='1301655769148' resUri='platform:/resource/ovinger/jex/ov9.jex' fragmentId='//@requirements.0/@requirements.2/@requirements.2' key='test run status' value='false'/>
<eObjectEntry  timestamp='1301655769153' resUri='platform:/resource/ovinger/jex/ov9.jex' fragmentId='//@requirements.0/@requirements.2/@requirements.3' key='test run status' value='false'/>
<eObjectEntry  timestamp='1301655769158' resUri='platform:/resource/ovinger/jex/ov9.jex' fragmentId='//@requirements.0/@requirements.2/@requirements.4' key='test run status' value='false'/>
<eObjectEntry  timestamp='1301655769166' resUri='platform:/resource/ovinger/jex/ov9.jex' fragmentId='//@requirements.0/@requirements.2/@requirements.5' key='test run status' value='false'/>
<eObjectEntry  timestamp='1301655769171' resUri='platform:/resource/ovinger/jex/ov9.jex' fragmentId='//@requirements.0/@requirements.2/@requirements.7' key='test run status' value='true'/>
<eObjectEntry  timestamp='1301656413294' resUri='platform:/resource/ovinger/jex/ov9.jex' fragmentId='//@requirements.0/@requirements.2/@requirements.5' key='junit test launch' value='testAddResultReversedMoreThanMaxSize'/>
<eObjectEntry  timestamp='1301656416180' resUri='platform:/resource/ovinger/jex/ov9.jex' fragmentId='//@requirements.0/@requirements.2/@requirements.5' key='test run status' value='false'/>
<eObjectEntry  timestamp='1301656418694' resUri='platform:/resource/ovinger/jex/ov9.jex' fragmentId='//@requirements.0/@requirements.2/@requirements.2' key='junit test launch' value='testAddResultOrderedLessThanMaxSize'/>
<eObjectEntry  timestamp='1301656420029' resUri='platform:/resource/ovinger/jex/ov9.jex' fragmentId='//@requirements.0/@requirements.2/@requirements.2' key='test run status' value='true'/>
<eObjectEntry  timestamp='1301656421306' resUri='platform:/resource/ovinger/jex/ov9.jex' fragmentId='//@requirements.0/@requirements.2/@requirements.3' key='junit test launch' value='testAddResultReversedLessThanMaxSize'/>
<eObjectEntry  timestamp='1301656423026' resUri='platform:/resource/ovinger/jex/ov9.jex' fragmentId='//@requirements.0/@requirements.2/@requirements.3' key='test run status' value='false'/>
<eObjectEntry  timestamp='1301656424996' resUri='platform:/resource/ovinger/jex/ov9.jex' fragmentId='//@requirements.0/@requirements.2/@requirements.4' key='junit test launch' value='testAddResultOrderedMoreThanMaxSize'/>
<eObjectEntry  timestamp='1301656426325' resUri='platform:/resource/ovinger/jex/ov9.jex' fragmentId='//@requirements.0/@requirements.2/@requirements.4' key='test run status' value='false'/>
<eObjectEntry  timestamp='1301656616821' resUri='platform:/resource/ovinger/jex/ov9.jex' fragmentId='//@javaElements.0/@classes.7' key='junit test launch' value='AllTests'/>
<eObjectEntry  timestamp='1301656618347' resUri='platform:/resource/ovinger/jex/ov9.jex' fragmentId='//@requirements.0/@requirements.1/@requirements.3' key='test run status' value='true'/>
<eObjectEntry  timestamp='1301656618352' resUri='platform:/resource/ovinger/jex/ov9.jex' fragmentId='//@requirements.0/@requirements.1/@requirements.4' key='test run status' value='true'/>
<eObjectEntry  timestamp='1301656618360' resUri='platform:/resource/ovinger/jex/ov9.jex' fragmentId='//@requirements.0/@requirements.1/@requirements.5' key='test run status' value='true'/>
<eObjectEntry  timestamp='1301656618365' resUri='platform:/resource/ovinger/jex/ov9.jex' fragmentId='//@requirements.0/@requirements.1/@requirements.8' key='test run status' value='true'/>
<eObjectEntry  timestamp='1301656618404' resUri='platform:/resource/ovinger/jex/ov9.jex' fragmentId='//@requirements.0/@requirements.1/@requirements.9' key='test run status' value='true'/>
<eObjectEntry  timestamp='1301656618499' resUri='platform:/resource/ovinger/jex/ov9.jex' fragmentId='//@requirements.0/@requirements.1/@requirements.12' key='test run status' value='true'/>
<eObjectEntry  timestamp='1301656618521' resUri='platform:/resource/ovinger/jex/ov9.jex' fragmentId='//@requirements.0/@requirements.1/@requirements.13' key='test run status' value='true'/>
<eObjectEntry  timestamp='1301656618527' resUri='platform:/resource/ovinger/jex/ov9.jex' fragmentId='//@requirements.0/@requirements.2/@requirements.2' key='test run status' value='true'/>
<eObjectEntry  timestamp='1301656618535' resUri='platform:/resource/ovinger/jex/ov9.jex' fragmentId='//@requirements.0/@requirements.2/@requirements.3' key='test run status' value='false'/>
<eObjectEntry  timestamp='1301656618540' resUri='platform:/resource/ovinger/jex/ov9.jex' fragmentId='//@requirements.0/@requirements.2/@requirements.4' key='test run status' value='false'/>
<eObjectEntry  timestamp='1301656618662' resUri='platform:/resource/ovinger/jex/ov9.jex' fragmentId='//@requirements.0/@requirements.2/@requirements.5' key='test run status' value='false'/>
<eObjectEntry  timestamp='1301656618668' resUri='platform:/resource/ovinger/jex/ov9.jex' fragmentId='//@requirements.0/@requirements.2/@requirements.7' key='test run status' value='false'/>
<eObjectEntry  timestamp='1301656636388' resUri='platform:/resource/ovinger/jex/ov9.jex' fragmentId='//@requirements.0/@requirements.2/@requirements.3' key='junit test launch' value='testAddResultReversedLessThanMaxSize'/>
<eObjectEntry  timestamp='1301656637487' resUri='platform:/resource/ovinger/jex/ov9.jex' fragmentId='//@requirements.0/@requirements.2/@requirements.3' key='test run status' value='false'/>
<eObjectEntry  timestamp='1301656676080' resUri='platform:/resource/ovinger/jex/ov9.jex' fragmentId='//@requirements.0/@requirements.2/@requirements.3' key='junit test launch' value='testAddResultReversedLessThanMaxSize'/>
<eObjectEntry  timestamp='1301656678936' resUri='platform:/resource/ovinger/jex/ov9.jex' fragmentId='//@requirements.0/@requirements.2/@requirements.3' key='test run status' value='false'/>
<eObjectEntry  timestamp='1301656873412' resUri='platform:/resource/ovinger/jex/ov9.jex' fragmentId='//@requirements.0/@requirements.2/@requirements.3' key='junit test launch' value='testAddResultReversedLessThanMaxSize'/>
<eObjectEntry  timestamp='1301656874751' resUri='platform:/resource/ovinger/jex/ov9.jex' fragmentId='//@requirements.0/@requirements.2/@requirements.3' key='test run status' value='false'/>
<eObjectEntry  timestamp='1301657036266' resUri='platform:/resource/ovinger/jex/ov9.jex' fragmentId='//@javaElements.0/@classes.7' key='junit test launch' value='AllTests'/>
<eObjectEntry  timestamp='1301657038028' resUri='platform:/resource/ovinger/jex/ov9.jex' fragmentId='//@requirements.0/@requirements.1/@requirements.3' key='test run status' value='true'/>
<eObjectEntry  timestamp='1301657038034' resUri='platform:/resource/ovinger/jex/ov9.jex' fragmentId='//@requirements.0/@requirements.1/@requirements.4' key='test run status' value='true'/>
<eObjectEntry  timestamp='1301657038039' resUri='platform:/resource/ovinger/jex/ov9.jex' fragmentId='//@requirements.0/@requirements.1/@requirements.5' key='test run status' value='true'/>
<eObjectEntry  timestamp='1301657038051' resUri='platform:/resource/ovinger/jex/ov9.jex' fragmentId='//@requirements.0/@requirements.1/@requirements.8' key='test run status' value='true'/>
<eObjectEntry  timestamp='1301657038110' resUri='platform:/resource/ovinger/jex/ov9.jex' fragmentId='//@requirements.0/@requirements.1/@requirements.9' key='test run status' value='true'/>
<eObjectEntry  timestamp='1301657038170' resUri='platform:/resource/ovinger/jex/ov9.jex' fragmentId='//@requirements.0/@requirements.1/@requirements.12' key='test run status' value='true'/>
<eObjectEntry  timestamp='1301657038191' resUri='platform:/resource/ovinger/jex/ov9.jex' fragmentId='//@requirements.0/@requirements.1/@requirements.13' key='test run status' value='true'/>
<eObjectEntry  timestamp='1301657038277' resUri='platform:/resource/ovinger/jex/ov9.jex' fragmentId='//@requirements.0/@requirements.2/@requirements.2' key='test run status' value='true'/>
<eObjectEntry  timestamp='1301657038282' resUri='platform:/resource/ovinger/jex/ov9.jex' fragmentId='//@requirements.0/@requirements.2/@requirements.3' key='test run status' value='true'/>
<eObjectEntry  timestamp='1301657038290' resUri='platform:/resource/ovinger/jex/ov9.jex' fragmentId='//@requirements.0/@requirements.2/@requirements.4' key='test run status' value='false'/>
<eObjectEntry  timestamp='1301657038296' resUri='platform:/resource/ovinger/jex/ov9.jex' fragmentId='//@requirements.0/@requirements.2/@requirements.5' key='test run status' value='false'/>
<eObjectEntry  timestamp='1301657038322' resUri='platform:/resource/ovinger/jex/ov9.jex' fragmentId='//@requirements.0/@requirements.2/@requirements.7' key='test run status' value='false'/>
<eObjectEntry  timestamp='1301657042695' resUri='platform:/resource/ovinger/jex/ov9.jex' fragmentId='//@requirements.0/@requirements.2/@requirements.4' key='junit test launch' value='testAddResultOrderedMoreThanMaxSize'/>
<eObjectEntry  timestamp='1301657043990' resUri='platform:/resource/ovinger/jex/ov9.jex' fragmentId='//@requirements.0/@requirements.2/@requirements.4' key='test run status' value='false'/>
<eObjectEntry  timestamp='1301657080044' resUri='platform:/resource/ovinger/jex/ov9.jex' fragmentId='//@requirements.0/@requirements.2/@requirements.5' key='junit test launch' value='testAddResultReversedMoreThanMaxSize'/>
<eObjectEntry  timestamp='1301657081414' resUri='platform:/resource/ovinger/jex/ov9.jex' fragmentId='//@requirements.0/@requirements.2/@requirements.5' key='test run status' value='false'/>
<eObjectEntry  timestamp='1301657083258' resUri='platform:/resource/ovinger/jex/ov9.jex' fragmentId='//@requirements.0/@requirements.2/@requirements.4' key='junit test launch' value='testAddResultOrderedMoreThanMaxSize'/>
<eObjectEntry  timestamp='1301657084598' resUri='platform:/resource/ovinger/jex/ov9.jex' fragmentId='//@requirements.0/@requirements.2/@requirements.4' key='test run status' value='false'/>
<eObjectEntry  timestamp='1301657215083' resUri='platform:/resource/ovinger/jex/ov9.jex' fragmentId='//@requirements.0/@requirements.2/@requirements.5' key='junit test launch' value='testAddResultReversedMoreThanMaxSize'/>
<eObjectEntry  timestamp='1301657216652' resUri='platform:/resource/ovinger/jex/ov9.jex' fragmentId='//@requirements.0/@requirements.2/@requirements.5' key='test run status' value='false'/>
<eObjectEntry  timestamp='1301657287173' resUri='platform:/resource/ovinger/jex/ov9.jex' fragmentId='//@requirements.0/@requirements.2/@requirements.4' key='junit test launch' value='testAddResultOrderedMoreThanMaxSize'/>
<eObjectEntry  timestamp='1301657288477' resUri='platform:/resource/ovinger/jex/ov9.jex' fragmentId='//@requirements.0/@requirements.2/@requirements.4' key='test run status' value='false'/>
<eObjectEntry  timestamp='1301657308032' resUri='platform:/resource/ovinger/jex/ov9.jex' fragmentId='//@requirements.0/@requirements.2/@requirements.4' key='junit test launch' value='testAddResultOrderedMoreThanMaxSize'/>
<eObjectEntry  timestamp='1301657311360' resUri='platform:/resource/ovinger/jex/ov9.jex' fragmentId='//@requirements.0/@requirements.2/@requirements.4' key='test run status' value='false'/>
<eObjectEntry  timestamp='1301657428717' resUri='platform:/resource/ovinger/jex/ov9.jex' fragmentId='//@requirements.0/@requirements.2/@requirements.4' key='junit test launch' value='testAddResultOrderedMoreThanMaxSize'/>
<eObjectEntry  timestamp='1301657430254' resUri='platform:/resource/ovinger/jex/ov9.jex' fragmentId='//@requirements.0/@requirements.2/@requirements.4' key='test run status' value='false'/>
<eObjectEntry  timestamp='1301657446611' resUri='platform:/resource/ovinger/jex/ov9.jex' fragmentId='//@requirements.0/@requirements.2/@requirements.4' key='junit test launch' value='testAddResultOrderedMoreThanMaxSize'/>
<eObjectEntry  timestamp='1301657448224' resUri='platform:/resource/ovinger/jex/ov9.jex' fragmentId='//@requirements.0/@requirements.2/@requirements.4' key='test run status' value='true'/>
<eObjectEntry  timestamp='1301657449886' resUri='platform:/resource/ovinger/jex/ov9.jex' fragmentId='//@requirements.0/@requirements.2/@requirements.5' key='junit test launch' value='testAddResultReversedMoreThanMaxSize'/>
<eObjectEntry  timestamp='1301657451289' resUri='platform:/resource/ovinger/jex/ov9.jex' fragmentId='//@requirements.0/@requirements.2/@requirements.5' key='test run status' value='false'/>
<eObjectEntry  timestamp='1301657513604' resUri='platform:/resource/ovinger/jex/ov9.jex' fragmentId='//@requirements.0/@requirements.2/@requirements.5' key='junit test launch' value='testAddResultReversedMoreThanMaxSize'/>
<eObjectEntry  timestamp='1301657515756' resUri='platform:/resource/ovinger/jex/ov9.jex' fragmentId='//@requirements.0/@requirements.2/@requirements.5' key='test run status' value='false'/>
<eObjectEntry  timestamp='1301657520822' resUri='platform:/resource/ovinger/jex/ov9.jex' fragmentId='//@javaElements.0/@classes.7' key='junit test launch' value='AllTests'/>
<eObjectEntry  timestamp='1301657522720' resUri='platform:/resource/ovinger/jex/ov9.jex' fragmentId='//@requirements.0/@requirements.1/@requirements.3' key='test run status' value='true'/>
<eObjectEntry  timestamp='1301657522725' resUri='platform:/resource/ovinger/jex/ov9.jex' fragmentId='//@requirements.0/@requirements.1/@requirements.4' key='test run status' value='true'/>
<eObjectEntry  timestamp='1301657522749' resUri='platform:/resource/ovinger/jex/ov9.jex' fragmentId='//@requirements.0/@requirements.1/@requirements.5' key='test run status' value='true'/>
<eObjectEntry  timestamp='1301657522832' resUri='platform:/resource/ovinger/jex/ov9.jex' fragmentId='//@requirements.0/@requirements.1/@requirements.8' key='test run status' value='true'/>
<eObjectEntry  timestamp='1301657522843' resUri='platform:/resource/ovinger/jex/ov9.jex' fragmentId='//@requirements.0/@requirements.1/@requirements.9' key='test run status' value='true'/>
<eObjectEntry  timestamp='1301657522993' resUri='platform:/resource/ovinger/jex/ov9.jex' fragmentId='//@requirements.0/@requirements.1/@requirements.12' key='test run status' value='true'/>
<eObjectEntry  timestamp='1301657523000' resUri='platform:/resource/ovinger/jex/ov9.jex' fragmentId='//@requirements.0/@requirements.1/@requirements.13' key='test run status' value='true'/>
<eObjectEntry  timestamp='1301657523095' resUri='platform:/resource/ovinger/jex/ov9.jex' fragmentId='//@requirements.0/@requirements.2/@requirements.2' key='test run status' value='true'/>
<eObjectEntry  timestamp='1301657523234' resUri='platform:/resource/ovinger/jex/ov9.jex' fragmentId='//@requirements.0/@requirements.2/@requirements.3' key='test run status' value='true'/>
<eObjectEntry  timestamp='1301657523245' resUri='platform:/resource/ovinger/jex/ov9.jex' fragmentId='//@requirements.0/@requirements.2/@requirements.4' key='test run status' value='true'/>
<eObjectEntry  timestamp='1301657523252' resUri='platform:/resource/ovinger/jex/ov9.jex' fragmentId='//@requirements.0/@requirements.2/@requirements.5' key='test run status' value='false'/>
<eObjectEntry  timestamp='1301657523268' resUri='platform:/resource/ovinger/jex/ov9.jex' fragmentId='//@requirements.0/@requirements.2/@requirements.7' key='test run status' value='true'/>
<eObjectEntry  timestamp='1301657525924' resUri='platform:/resource/ovinger/jex/ov9.jex' fragmentId='//@requirements.0/@requirements.2/@requirements.5' key='junit test launch' value='testAddResultReversedMoreThanMaxSize'/>
<eObjectEntry  timestamp='1301657527625' resUri='platform:/resource/ovinger/jex/ov9.jex' fragmentId='//@requirements.0/@requirements.2/@requirements.5' key='test run status' value='false'/>
<eObjectEntry  timestamp='1301657578988' resUri='platform:/resource/ovinger/jex/ov9.jex' fragmentId='//@requirements.0/@requirements.2/@requirements.5' key='junit test launch' value='testAddResultReversedMoreThanMaxSize'/>
<eObjectEntry  timestamp='1301657580483' resUri='platform:/resource/ovinger/jex/ov9.jex' fragmentId='//@requirements.0/@requirements.2/@requirements.5' key='test run status' value='true'/>
<eObjectEntry  timestamp='1301657638092' resUri='platform:/resource/ovinger/jex/ov9.jex' fragmentId='//@requirements.0/@requirements.2/@requirements.5' key='junit test launch' value='testAddResultReversedMoreThanMaxSize'/>
<eObjectEntry  timestamp='1301657640022' resUri='platform:/resource/ovinger/jex/ov9.jex' fragmentId='//@requirements.0/@requirements.2/@requirements.5' key='test run status' value='false'/>
<eObjectEntry  timestamp='1301657646591' resUri='platform:/resource/ovinger/jex/ov9.jex' fragmentId='//@requirements.0/@requirements.2/@requirements.5' key='junit test launch' value='testAddResultReversedMoreThanMaxSize'/>
<eObjectEntry  timestamp='1301657648196' resUri='platform:/resource/ovinger/jex/ov9.jex' fragmentId='//@requirements.0/@requirements.2/@requirements.5' key='test run status' value='true'/>
<eObjectEntry  timestamp='1301657797399' resUri='platform:/resource/ovinger/jex/ov9.jex' fragmentId='//@javaElements.0/@classes.7' key='junit test launch' value='AllTests'/>
<eObjectEntry  timestamp='1301657799024' resUri='platform:/resource/ovinger/jex/ov9.jex' fragmentId='//@requirements.0/@requirements.1/@requirements.3' key='test run status' value='true'/>
<eObjectEntry  timestamp='1301657799056' resUri='platform:/resource/ovinger/jex/ov9.jex' fragmentId='//@requirements.0/@requirements.1/@requirements.4' key='test run status' value='true'/>
<eObjectEntry  timestamp='1301657799130' resUri='platform:/resource/ovinger/jex/ov9.jex' fragmentId='//@requirements.0/@requirements.1/@requirements.5' key='test run status' value='true'/>
<eObjectEntry  timestamp='1301657799140' resUri='platform:/resource/ovinger/jex/ov9.jex' fragmentId='//@requirements.0/@requirements.1/@requirements.8' key='test run status' value='true'/>
<eObjectEntry  timestamp='1301657799145' resUri='platform:/resource/ovinger/jex/ov9.jex' fragmentId='//@requirements.0/@requirements.1/@requirements.9' key='test run status' value='true'/>
<eObjectEntry  timestamp='1301657799155' resUri='platform:/resource/ovinger/jex/ov9.jex' fragmentId='//@requirements.0/@requirements.1/@requirements.12' key='test run status' value='true'/>
<eObjectEntry  timestamp='1301657799160' resUri='platform:/resource/ovinger/jex/ov9.jex' fragmentId='//@requirements.0/@requirements.1/@requirements.13' key='test run status' value='true'/>
<eObjectEntry  timestamp='1301657799168' resUri='platform:/resource/ovinger/jex/ov9.jex' fragmentId='//@requirements.0/@requirements.2/@requirements.2' key='test run status' value='true'/>
<eObjectEntry  timestamp='1301657799183' resUri='platform:/resource/ovinger/jex/ov9.jex' fragmentId='//@requirements.0/@requirements.2/@requirements.3' key='test run status' value='true'/>
<eObjectEntry  timestamp='1301657799272' resUri='platform:/resource/ovinger/jex/ov9.jex' fragmentId='//@requirements.0/@requirements.2/@requirements.4' key='test run status' value='true'/>
<eObjectEntry  timestamp='1301657799279' resUri='platform:/resource/ovinger/jex/ov9.jex' fragmentId='//@requirements.0/@requirements.2/@requirements.5' key='test run status' value='true'/>
<eObjectEntry  timestamp='1301657799284' resUri='platform:/resource/ovinger/jex/ov9.jex' fragmentId='//@requirements.0/@requirements.2/@requirements.7' key='test run status' value='true'/>
<eResourceEntry  timestamp='1301923395547' resUri='platform:/resource/ovinger/jex/ov9.jex' key='resource selected' value='null'/>
<eObjectEntry  timestamp='1301923399960' resUri='platform:/resource/ovinger/jex/ov9.jex' fragmentId='//@javaElements.0/@classes.7' key='junit test launch' value='AllTests'/>
<eObjectEntry  timestamp='1301923405538' resUri='platform:/resource/ovinger/jex/ov9.jex' fragmentId='//@requirements.0/@requirements.1/@requirements.3' key='test run status' value='true'/>
<eObjectEntry  timestamp='1301923405676' resUri='platform:/resource/ovinger/jex/ov9.jex' fragmentId='//@requirements.0/@requirements.1/@requirements.4' key='test run status' value='true'/>
<eObjectEntry  timestamp='1301923405739' resUri='platform:/resource/ovinger/jex/ov9.jex' fragmentId='//@requirements.0/@requirements.1/@requirements.5' key='test run status' value='true'/>
<eObjectEntry  timestamp='1301923405744' resUri='platform:/resource/ovinger/jex/ov9.jex' fragmentId='//@requirements.0/@requirements.1/@requirements.8' key='test run status' value='true'/>
<eObjectEntry  timestamp='1301923405750' resUri='platform:/resource/ovinger/jex/ov9.jex' fragmentId='//@requirements.0/@requirements.1/@requirements.9' key='test run status' value='true'/>
<eObjectEntry  timestamp='1301923405764' resUri='platform:/resource/ovinger/jex/ov9.jex' fragmentId='//@requirements.0/@requirements.1/@requirements.12' key='test run status' value='true'/>
<eObjectEntry  timestamp='1301923405876' resUri='platform:/resource/ovinger/jex/ov9.jex' fragmentId='//@requirements.0/@requirements.1/@requirements.13' key='test run status' value='true'/>
<eObjectEntry  timestamp='1301923405907' resUri='platform:/resource/ovinger/jex/ov9.jex' fragmentId='//@requirements.0/@requirements.2/@requirements.2' key='test run status' value='true'/>
<eObjectEntry  timestamp='1301923406000' resUri='platform:/resource/ovinger/jex/ov9.jex' fragmentId='//@requirements.0/@requirements.2/@requirements.3' key='test run status' value='true'/>
<eObjectEntry  timestamp='1301923406010' resUri='platform:/resource/ovinger/jex/ov9.jex' fragmentId='//@requirements.0/@requirements.2/@requirements.4' key='test run status' value='true'/>
<eObjectEntry  timestamp='1301923406019' resUri='platform:/resource/ovinger/jex/ov9.jex' fragmentId='//@requirements.0/@requirements.2/@requirements.5' key='test run status' value='true'/>
<eObjectEntry  timestamp='1301923406111' resUri='platform:/resource/ovinger/jex/ov9.jex' fragmentId='//@requirements.0/@requirements.2/@requirements.7' key='test run status' value='true'/>
